2017-11-02 23:19:38.171 INFO  o.h.v.i.u.Version - HV000001: Hibernate Validator 5.2.4.Final
2017-11-02 23:19:38.875 INFO  c.c.ClientApp - Starting ClientApp on WBSAP6DGRCEWE6P with PID 6048 (G:\workspace\project\mine-client\mine-client\target\classes started by Administrator in G:\workspace\project\mine-client\mine-client)
2017-11-02 23:19:38.877 DEBUG c.c.ClientApp - Running with Spring Boot v1.3.3.RELEASE, Spring v4.2.5.RELEASE
2017-11-02 23:19:38.878 INFO  c.c.ClientApp - No active profile set, falling back to default profiles: default
2017-11-02 23:20:17.872 INFO  o.a.c.c.StandardService - Starting service Tomcat
2017-11-02 23:20:18.004 INFO  o.a.c.c.StandardEngine - Starting Servlet Engine: Apache Tomcat/8.0.32
2017-11-02 23:20:20.108 INFO  o.a.c.c.C.[.[.[/] - Initializing Spring embedded WebApplicationContext
2017-11-02 23:20:35.610 INFO  o.a.c.h.Http11NioProtocol - Initializing ProtocolHandler ["http-nio-8282"]
2017-11-02 23:20:35.836 INFO  o.a.c.h.Http11NioProtocol - Starting ProtocolHandler ["http-nio-8282"]
2017-11-02 23:20:36.817 INFO  o.a.t.u.n.NioSelectorPool - Using a shared selector for servlet write/read
2017-11-02 23:20:37.337 INFO  c.c.ClientApp - Started ClientApp in 69.455 seconds (JVM running for 75.267)
2017-11-02 23:20:58.100 INFO  o.a.c.c.C.[.[.[/] - Initializing Spring FrameworkServlet 'dispatcherServlet'
2017-11-02 23:20:58.210 DEBUG f.cache - Couldn't find template in cache for "index.ftl"("zh_CN", UTF-8, parsed); will try to load it.
2017-11-02 23:20:58.212 DEBUG f.cache - TemplateLoader.findTemplateSource("index_zh_CN.ftl"): Not found
2017-11-02 23:20:58.213 DEBUG f.cache - TemplateLoader.findTemplateSource("index_zh.ftl"): Not found
2017-11-02 23:20:58.214 DEBUG f.cache - TemplateLoader.findTemplateSource("index.ftl"): Not found
2017-11-02 23:20:58.222 INFO  o.t.TemplateEngine - [THYMELEAF] INITIALIZING TEMPLATE ENGINE
2017-11-02 23:20:58.259 INFO  o.t.t.AbstractTemplateResolver - [THYMELEAF] INITIALIZING TEMPLATE RESOLVER: org.thymeleaf.templateresolver.TemplateResolver
2017-11-02 23:20:58.260 INFO  o.t.t.AbstractTemplateResolver - [THYMELEAF] TEMPLATE RESOLVER INITIALIZED OK
2017-11-02 23:20:58.260 INFO  o.t.m.AbstractMessageResolver - [THYMELEAF] INITIALIZING MESSAGE RESOLVER: org.thymeleaf.spring4.messageresolver.SpringMessageResolver
2017-11-02 23:20:58.260 INFO  o.t.m.AbstractMessageResolver - [THYMELEAF] MESSAGE RESOLVER INITIALIZED OK
2017-11-02 23:20:58.263 DEBUG o.t.T.c.TEMPLATE_CACHE - [THYMELEAF][CACHE_INITIALIZE] Initializing cache TEMPLATE_CACHE. Max size: 50. Soft references are used.
2017-11-02 23:20:58.264 DEBUG o.t.T.c.FRAGMENT_CACHE - [THYMELEAF][CACHE_INITIALIZE] Initializing cache FRAGMENT_CACHE. Max size: 300. Soft references are used.
2017-11-02 23:20:58.290 DEBUG o.t.T.CONFIG - [THYMELEAF] TEMPLATE ENGINE CONFIGURATION:
[THYMELEAF] * Cache Factory implementation: org.thymeleaf.cache.StandardCacheManager
[THYMELEAF] * Template modes:
[THYMELEAF]     * XML
[THYMELEAF]     * HTML5
[THYMELEAF]     * XHTML
[THYMELEAF]     * VALIDXHTML
[THYMELEAF]     * VALIDXML
[THYMELEAF]     * LEGACYHTML5
[THYMELEAF] * Template resolvers (in order):
[THYMELEAF]     * org.thymeleaf.templateresolver.TemplateResolver
[THYMELEAF] * Message resolvers (in order):
[THYMELEAF]     * org.thymeleaf.spring4.messageresolver.SpringMessageResolver
[THYMELEAF] * Dialect [1 of 2]: org.thymeleaf.spring4.dialect.SpringStandardDialect
[THYMELEAF]     * Prefix: "th"
[THYMELEAF]     * Processors matching nodes by element name [precedence]:
[THYMELEAF]         * "th-block" [100000]: org.thymeleaf.standard.processor.element.StandardBlockElementProcessor
[THYMELEAF]         * "th:block" [100000]: org.thymeleaf.standard.processor.element.StandardBlockElementProcessor
[THYMELEAF]     * Processors matching nodes by element attribute [precedence]:
[THYMELEAF]         * "data-th-abbr" [1000]: org.thymeleaf.standard.processor.attr.StandardSingleRemovableAttributeModifierAttrProcessor
[THYMELEAF]         * "data-th-accept" [1000]: org.thymeleaf.standard.processor.attr.StandardSingleRemovableAttributeModifierAttrProcessor
[THYMELEAF]         * "data-th-accept-charset" [1000]: org.thymeleaf.standard.processor.attr.StandardSingleRemovableAttributeModifierAttrProcessor
[THYMELEAF]         * "data-th-accesskey" [1000]: org.thymeleaf.standard.processor.attr.StandardSingleRemovableAttributeModifierAttrProcessor
[THYMELEAF]         * "data-th-action" [1000]: org.thymeleaf.spring4.processor.attr.SpringActionAttrProcessor
[THYMELEAF]         * "data-th-align" [1000]: org.thymeleaf.standard.processor.attr.StandardSingleRemovableAttributeModifierAttrProcessor
[THYMELEAF]         * "data-th-alt" [1000]: org.thymeleaf.standard.processor.attr.StandardSingleRemovableAttributeModifierAttrProcessor
[THYMELEAF]         * "data-th-alt-title" [990]: org.thymeleaf.standard.processor.attr.StandardAltTitleAttrProcessor
[THYMELEAF]         * "data-th-archive" [1000]: org.thymeleaf.standard.processor.attr.StandardSingleRemovableAttributeModifierAttrProcessor
[THYMELEAF]         * "data-th-assert" [1550]: org.thymeleaf.standard.processor.attr.StandardAssertAttrProcessor
[THYMELEAF]         * "data-th-async" [1000]: org.thymeleaf.standard.processor.attr.StandardConditionalFixedValueAttrProcessor
[THYMELEAF]         * "data-th-attr" [700]: org.thymeleaf.standard.processor.attr.StandardAttrAttrProcessor
[THYMELEAF]         * "data-th-attrappend" [900]: org.thymeleaf.standard.processor.attr.StandardAttrappendAttrProcessor
[THYMELEAF]         * "data-th-attrprepend" [800]: org.thymeleaf.standard.processor.attr.StandardAttrprependAttrProcessor
[THYMELEAF]         * "data-th-audio" [1000]: org.thymeleaf.standard.processor.attr.StandardSingleRemovableAttributeModifierAttrProcessor
[THYMELEAF]         * "data-th-autocomplete" [1000]: org.thymeleaf.standard.processor.attr.StandardSingleRemovableAttributeModifierAttrProcessor
[THYMELEAF]         * "data-th-autofocus" [1000]: org.thymeleaf.standard.processor.attr.StandardConditionalFixedValueAttrProcessor
[THYMELEAF]         * "data-th-autoplay" [1000]: org.thymeleaf.standard.processor.attr.StandardConditionalFixedValueAttrProcessor
[THYMELEAF]         * "data-th-axis" [1000]: org.thymeleaf.standard.processor.attr.StandardSingleRemovableAttributeModifierAttrProcessor
[THYMELEAF]         * "data-th-background" [1000]: org.thymeleaf.standard.processor.attr.StandardSingleRemovableAttributeModifierAttrProcessor
[THYMELEAF]         * "data-th-bgcolor" [1000]: org.thymeleaf.standard.processor.attr.StandardSingleRemovableAttributeModifierAttrProcessor
[THYMELEAF]         * "data-th-border" [1000]: org.thymeleaf.standard.processor.attr.StandardSingleRemovableAttributeModifierAttrProcessor
[THYMELEAF]         * "data-th-case" [275]: org.thymeleaf.standard.processor.attr.StandardCaseAttrProcessor
[THYMELEAF]         * "data-th-cellpadding" [1000]: org.thymeleaf.standard.processor.attr.StandardSingleRemovableAttributeModifierAttrProcessor
[THYMELEAF]         * "data-th-cellspacing" [1000]: org.thymeleaf.standard.processor.attr.StandardSingleRemovableAttributeModifierAttrProcessor
[THYMELEAF]         * "data-th-challenge" [1000]: org.thymeleaf.standard.processor.attr.StandardSingleRemovableAttributeModifierAttrProcessor
[THYMELEAF]         * "data-th-charset" [1000]: org.thymeleaf.standard.processor.attr.StandardSingleRemovableAttributeModifierAttrProcessor
[THYMELEAF]         * "data-th-checked" [1000]: org.thymeleaf.standard.processor.attr.StandardConditionalFixedValueAttrProcessor
[THYMELEAF]         * "data-th-cite" [1000]: org.thymeleaf.standard.processor.attr.StandardSingleRemovableAttributeModifierAttrProcessor
[THYMELEAF]         * "data-th-class" [1000]: org.thymeleaf.standard.processor.attr.StandardSingleRemovableAttributeModifierAttrProcessor
[THYMELEAF]         * "data-th-classappend" [1100]: org.thymeleaf.standard.processor.attr.StandardClassappendAttrProcessor
[THYMELEAF]         * "data-th-classid" [1000]: org.thymeleaf.standard.processor.attr.StandardSingleRemovableAttributeModifierAttrProcessor
[THYMELEAF]         * "data-th-codebase" [1000]: org.thymeleaf.standard.processor.attr.StandardSingleRemovableAttributeModifierAttrProcessor
[THYMELEAF]         * "data-th-codetype" [1000]: org.thymeleaf.standard.processor.attr.StandardSingleRemovableAttributeModifierAttrProcessor
[THYMELEAF]         * "data-th-cols" [1000]: org.thymeleaf.standard.processor.attr.StandardSingleRemovableAttributeModifierAttrProcessor
[THYMELEAF]         * "data-th-colspan" [1000]: org.thymeleaf.standard.processor.attr.StandardSingleRemovableAttributeModifierAttrProcessor
[THYMELEAF]         * "data-th-compact" [1000]: org.thymeleaf.standard.processor.attr.StandardSingleRemovableAttributeModifierAttrProcessor
[THYMELEAF]         * "data-th-content" [1000]: org.thymeleaf.standard.processor.attr.StandardSingleRemovableAttributeModifierAttrProcessor
[THYMELEAF]         * "data-th-contenteditable" [1000]: org.thymeleaf.standard.processor.attr.StandardSingleRemovableAttributeModifierAttrProcessor
[THYMELEAF]         * "data-th-contextmenu" [1000]: org.thymeleaf.standard.processor.attr.StandardSingleRemovableAttributeModifierAttrProcessor
[THYMELEAF]         * "data-th-controls" [1000]: org.thymeleaf.standard.processor.attr.StandardConditionalFixedValueAttrProcessor
[THYMELEAF]         * "data-th-data" [1000]: org.thymeleaf.standard.processor.attr.StandardSingleRemovableAttributeModifierAttrProcessor
[THYMELEAF]         * "data-th-datetime" [1000]: org.thymeleaf.standard.processor.attr.StandardSingleRemovableAttributeModifierAttrProcessor
[THYMELEAF]         * "data-th-declare" [1000]: org.thymeleaf.standard.processor.attr.StandardConditionalFixedValueAttrProcessor
[THYMELEAF]         * "data-th-default" [1000]: org.thymeleaf.standard.processor.attr.StandardConditionalFixedValueAttrProcessor
[THYMELEAF]         * "data-th-defer" [1000]: org.thymeleaf.standard.processor.attr.StandardConditionalFixedValueAttrProcessor
[THYMELEAF]         * "data-th-dir" [1000]: org.thymeleaf.standard.processor.attr.StandardSingleRemovableAttributeModifierAttrProcessor
[THYMELEAF]         * "data-th-disabled" [1000]: org.thymeleaf.standard.processor.attr.StandardConditionalFixedValueAttrProcessor
[THYMELEAF]         * "data-th-draggable" [1000]: org.thymeleaf.standard.processor.attr.StandardSingleRemovableAttributeModifierAttrProcessor
[THYMELEAF]         * "data-th-dropzone" [1000]: org.thymeleaf.standard.processor.attr.StandardSingleRemovableAttributeModifierAttrProcessor
[THYMELEAF]         * "data-th-each" [200]: org.thymeleaf.standard.processor.attr.StandardEachAttrProcessor
[THYMELEAF]         * "data-th-enctype" [1000]: org.thymeleaf.standard.processor.attr.StandardSingleRemovableAttributeModifierAttrProcessor
[THYMELEAF]         * "data-th-errorclass" [1500]: org.thymeleaf.spring4.processor.attr.SpringErrorClassAttrProcessor
[THYMELEAF]         * "data-th-errors" [1200]: org.thymeleaf.spring4.processor.attr.SpringErrorsAttrProcessor
[THYMELEAF]         * "data-th-field" [1200]: org.thymeleaf.spring4.processor.attr.SpringInputGeneralFieldAttrProcessor
[THYMELEAF]         * "data-th-field" [1200]: org.thymeleaf.spring4.processor.attr.SpringInputPasswordFieldAttrProcessor
[THYMELEAF]         * "data-th-field" [1200]: org.thymeleaf.spring4.processor.attr.SpringInputGeneralFieldAttrProcessor
[THYMELEAF]         * "data-th-field" [1200]: org.thymeleaf.spring4.processor.attr.SpringInputGeneralFieldAttrProcessor
[THYMELEAF]         * "data-th-field" [1200]: org.thymeleaf.spring4.processor.attr.SpringInputGeneralFieldAttrProcessor
[THYMELEAF]         * "data-th-field" [1200]: org.thymeleaf.spring4.processor.attr.SpringInputGeneralFieldAttrProcessor
[THYMELEAF]         * "data-th-field" [1200]: org.thymeleaf.spring4.processor.attr.SpringInputCheckboxFieldAttrProcessor
[THYMELEAF]         * "data-th-field" [1200]: org.thymeleaf.spring4.processor.attr.SpringInputGeneralFieldAttrProcessor
[THYMELEAF]         * "data-th-field" [1200]: org.thymeleaf.spring4.processor.attr.SpringInputGeneralFieldAttrProcessor
[THYMELEAF]         * "data-th-field" [1200]: org.thymeleaf.spring4.processor.attr.SpringInputGeneralFieldAttrProcessor
[THYMELEAF]         * "data-th-field" [1200]: org.thymeleaf.spring4.processor.attr.SpringOptionFieldAttrProcessor
[THYMELEAF]         * "data-th-field" [1200]: org.thymeleaf.spring4.processor.attr.SpringInputGeneralFieldAttrProcessor
[THYMELEAF]         * "data-th-field" [1200]: org.thymeleaf.spring4.processor.attr.SpringInputGeneralFieldAttrProcessor
[THYMELEAF]         * "data-th-field" [1200]: org.thymeleaf.spring4.processor.attr.SpringInputGeneralFieldAttrProcessor
[THYMELEAF]         * "data-th-field" [1200]: org.thymeleaf.spring4.processor.attr.SpringInputGeneralFieldAttrProcessor
[THYMELEAF]         * "data-th-field" [1200]: org.thymeleaf.spring4.processor.attr.SpringInputRadioFieldAttrProcessor
[THYMELEAF]         * "data-th-field" [1200]: org.thymeleaf.spring4.processor.attr.SpringInputGeneralFieldAttrProcessor
[THYMELEAF]         * "data-th-field" [1200]: org.thymeleaf.spring4.processor.attr.SpringTextareaFieldAttrProcessor
[THYMELEAF]         * "data-th-field" [1200]: org.thymeleaf.spring4.processor.attr.SpringInputGeneralFieldAttrProcessor
[THYMELEAF]         * "data-th-field" [1200]: org.thymeleaf.spring4.processor.attr.SpringInputGeneralFieldAttrProcessor
[THYMELEAF]         * "data-th-field" [1200]: org.thymeleaf.spring4.processor.attr.SpringInputGeneralFieldAttrProcessor
[THYMELEAF]         * "data-th-field" [1200]: org.thymeleaf.spring4.processor.attr.SpringSelectFieldAttrProcessor
[THYMELEAF]         * "data-th-field" [1200]: org.thymeleaf.spring4.processor.attr.SpringInputFileFieldAttrProcessor
[THYMELEAF]         * "data-th-for" [1000]: org.thymeleaf.standard.processor.attr.StandardSingleRemovableAttributeModifierAttrProcessor
[THYMELEAF]         * "data-th-form" [1000]: org.thymeleaf.standard.processor.attr.StandardSingleRemovableAttributeModifierAttrProcessor
[THYMELEAF]         * "data-th-formaction" [1000]: org.thymeleaf.standard.processor.attr.StandardSingleRemovableAttributeModifierAttrProcessor
[THYMELEAF]         * "data-th-formenctype" [1000]: org.thymeleaf.standard.processor.attr.StandardSingleRemovableAttributeModifierAttrProcessor
[THYMELEAF]         * "data-th-formmethod" [1000]: org.thymeleaf.standard.processor.attr.StandardSingleRemovableAttributeModifierAttrProcessor
[THYMELEAF]         * "data-th-formnovalidate" [1000]: org.thymeleaf.standard.processor.attr.StandardConditionalFixedValueAttrProcessor
[THYMELEAF]         * "data-th-formtarget" [1000]: org.thymeleaf.standard.processor.attr.StandardSingleRemovableAttributeModifierAttrProcessor
[THYMELEAF]         * "data-th-fragment" [1500]: org.thymeleaf.standard.processor.attr.StandardFragmentAttrProcessor
[THYMELEAF]         * "data-th-frame" [1000]: org.thymeleaf.standard.processor.attr.StandardSingleRemovableAttributeModifierAttrProcessor
[THYMELEAF]         * "data-th-frameborder" [1000]: org.thymeleaf.standard.processor.attr.StandardSingleRemovableAttributeModifierAttrProcessor
[THYMELEAF]         * "data-th-headers" [1000]: org.thymeleaf.standard.processor.attr.StandardSingleRemovableAttributeModifierAttrProcessor
[THYMELEAF]         * "data-th-height" [1000]: org.thymeleaf.standard.processor.attr.StandardSingleRemovableAttributeModifierAttrProcessor
[THYMELEAF]         * "data-th-hidden" [1000]: org.thymeleaf.standard.processor.attr.StandardConditionalFixedValueAttrProcessor
[THYMELEAF]         * "data-th-high" [1000]: org.thymeleaf.standard.processor.attr.StandardSingleRemovableAttributeModifierAttrProcessor
[THYMELEAF]         * "data-th-href" [1000]: org.thymeleaf.spring4.processor.attr.SpringHrefAttrProcessor
[THYMELEAF]         * "data-th-hreflang" [1000]: org.thymeleaf.standard.processor.attr.StandardSingleRemovableAttributeModifierAttrProcessor
[THYMELEAF]         * "data-th-hspace" [1000]: org.thymeleaf.standard.processor.attr.StandardSingleRemovableAttributeModifierAttrProcessor
[THYMELEAF]         * "data-th-http-equiv" [1000]: org.thymeleaf.standard.processor.attr.StandardSingleRemovableAttributeModifierAttrProcessor
[THYMELEAF]         * "data-th-icon" [1000]: org.thymeleaf.standard.processor.attr.StandardSingleRemovableAttributeModifierAttrProcessor
[THYMELEAF]         * "data-th-id" [1000]: org.thymeleaf.standard.processor.attr.StandardSingleRemovableAttributeModifierAttrProcessor
[THYMELEAF]         * "data-th-if" [300]: org.thymeleaf.standard.processor.attr.StandardIfAttrProcessor
[THYMELEAF]         * "data-th-include" [100]: org.thymeleaf.standard.processor.attr.StandardIncludeFragmentAttrProcessor
[THYMELEAF]         * "data-th-inline" [1000]: org.thymeleaf.standard.processor.attr.StandardInlineAttrProcessor
[THYMELEAF]         * "data-th-ismap" [1000]: org.thymeleaf.standard.processor.attr.StandardConditionalFixedValueAttrProcessor
[THYMELEAF]         * "data-th-keytype" [1000]: org.thymeleaf.standard.processor.attr.StandardSingleRemovableAttributeModifierAttrProcessor
[THYMELEAF]         * "data-th-kind" [1000]: org.thymeleaf.standard.processor.attr.StandardSingleRemovableAttributeModifierAttrProcessor
[THYMELEAF]         * "data-th-label" [1000]: org.thymeleaf.standard.processor.attr.StandardSingleRemovableAttributeModifierAttrProcessor
[THYMELEAF]         * "data-th-lang" [1000]: org.thymeleaf.standard.processor.attr.StandardSingleRemovableAttributeModifierAttrProcessor
[THYMELEAF]         * "data-th-lang-xmllang" [990]: org.thymeleaf.standard.processor.attr.StandardLangXmlLangAttrProcessor
[THYMELEAF]         * "data-th-list" [1000]: org.thymeleaf.standard.processor.attr.StandardSingleRemovableAttributeModifierAttrProcessor
[THYMELEAF]         * "data-th-longdesc" [1000]: org.thymeleaf.standard.processor.attr.StandardSingleRemovableAttributeModifierAttrProcessor
[THYMELEAF]         * "data-th-loop" [1000]: org.thymeleaf.standard.processor.attr.StandardConditionalFixedValueAttrProcessor
[THYMELEAF]         * "data-th-low" [1000]: org.thymeleaf.standard.processor.attr.StandardSingleRemovableAttributeModifierAttrProcessor
[THYMELEAF]         * "data-th-manifest" [1000]: org.thymeleaf.standard.processor.attr.StandardSingleRemovableAttributeModifierAttrProcessor
[THYMELEAF]         * "data-th-marginheight" [1000]: org.thymeleaf.standard.processor.attr.StandardSingleRemovableAttributeModifierAttrProcessor
[THYMELEAF]         * "data-th-marginwidth" [1000]: org.thymeleaf.standard.processor.attr.StandardSingleRemovableAttributeModifierAttrProcessor
[THYMELEAF]         * "data-th-max" [1000]: org.thymeleaf.standard.processor.attr.StandardSingleRemovableAttributeModifierAttrProcessor
[THYMELEAF]         * "data-th-maxlength" [1000]: org.thymeleaf.standard.processor.attr.StandardSingleRemovableAttributeModifierAttrProcessor
[THYMELEAF]         * "data-th-media" [1000]: org.thymeleaf.standard.processor.attr.StandardSingleRemovableAttributeModifierAttrProcessor
[THYMELEAF]         * "data-th-method" [990]: org.thymeleaf.spring4.processor.attr.SpringMethodAttrProcessor
[THYMELEAF]         * "data-th-min" [1000]: org.thymeleaf.standard.processor.attr.StandardSingleRemovableAttributeModifierAttrProcessor
[THYMELEAF]         * "data-th-multiple" [1000]: org.thymeleaf.standard.processor.attr.StandardConditionalFixedValueAttrProcessor
[THYMELEAF]         * "data-th-name" [1000]: org.thymeleaf.standard.processor.attr.StandardSingleNonRemovableAttributeModifierAttrProcessor
[THYMELEAF]         * "data-th-novalidate" [1000]: org.thymeleaf.standard.processor.attr.StandardConditionalFixedValueAttrProcessor
[THYMELEAF]         * "data-th-nowrap" [1000]: org.thymeleaf.standard.processor.attr.StandardConditionalFixedValueAttrProcessor
[THYMELEAF]         * "data-th-object" [500]: org.thymeleaf.spring4.processor.attr.SpringObjectAttrProcessor
[THYMELEAF]         * "data-th-onabort" [1000]: org.thymeleaf.standard.processor.attr.StandardDOMEventAttributeModifierAttrProcessor
[THYMELEAF]         * "data-th-onafterprint" [1000]: org.thymeleaf.standard.processor.attr.StandardDOMEventAttributeModifierAttrProcessor
[THYMELEAF]         * "data-th-onbeforeprint" [1000]: org.thymeleaf.standard.processor.attr.StandardDOMEventAttributeModifierAttrProcessor
[THYMELEAF]         * "data-th-onbeforeunload" [1000]: org.thymeleaf.standard.processor.attr.StandardDOMEventAttributeModifierAttrProcessor
[THYMELEAF]         * "data-th-onblur" [1000]: org.thymeleaf.standard.processor.attr.StandardDOMEventAttributeModifierAttrProcessor
[THYMELEAF]         * "data-th-oncanplay" [1000]: org.thymeleaf.standard.processor.attr.StandardDOMEventAttributeModifierAttrProcessor
[THYMELEAF]         * "data-th-oncanplaythrough" [1000]: org.thymeleaf.standard.processor.attr.StandardDOMEventAttributeModifierAttrProcessor
[THYMELEAF]         * "data-th-onchange" [1000]: org.thymeleaf.standard.processor.attr.StandardDOMEventAttributeModifierAttrProcessor
[THYMELEAF]         * "data-th-onclick" [1000]: org.thymeleaf.standard.processor.attr.StandardDOMEventAttributeModifierAttrProcessor
[THYMELEAF]         * "data-th-oncontextmenu" [1000]: org.thymeleaf.standard.processor.attr.StandardDOMEventAttributeModifierAttrProcessor
[THYMELEAF]         * "data-th-ondblclick" [1000]: org.thymeleaf.standard.processor.attr.StandardDOMEventAttributeModifierAttrProcessor
[THYMELEAF]         * "data-th-ondrag" [1000]: org.thymeleaf.standard.processor.attr.StandardDOMEventAttributeModifierAttrProcessor
[THYMELEAF]         * "data-th-ondragend" [1000]: org.thymeleaf.standard.processor.attr.StandardDOMEventAttributeModifierAttrProcessor
[THYMELEAF]         * "data-th-ondragenter" [1000]: org.thymeleaf.standard.processor.attr.StandardDOMEventAttributeModifierAttrProcessor
[THYMELEAF]         * "data-th-ondragleave" [1000]: org.thymeleaf.standard.processor.attr.StandardDOMEventAttributeModifierAttrProcessor
[THYMELEAF]         * "data-th-ondragover" [1000]: org.thymeleaf.standard.processor.attr.StandardDOMEventAttributeModifierAttrProcessor
[THYMELEAF]         * "data-th-ondragstart" [1000]: org.thymeleaf.standard.processor.attr.StandardDOMEventAttributeModifierAttrProcessor
[THYMELEAF]         * "data-th-ondrop" [1000]: org.thymeleaf.standard.processor.attr.StandardDOMEventAttributeModifierAttrProcessor
[THYMELEAF]         * "data-th-ondurationchange" [1000]: org.thymeleaf.standard.processor.attr.StandardDOMEventAttributeModifierAttrProcessor
[THYMELEAF]         * "data-th-onemptied" [1000]: org.thymeleaf.standard.processor.attr.StandardDOMEventAttributeModifierAttrProcessor
[THYMELEAF]         * "data-th-onended" [1000]: org.thymeleaf.standard.processor.attr.StandardDOMEventAttributeModifierAttrProcessor
[THYMELEAF]         * "data-th-onerror" [1000]: org.thymeleaf.standard.processor.attr.StandardDOMEventAttributeModifierAttrProcessor
[THYMELEAF]         * "data-th-onfocus" [1000]: org.thymeleaf.standard.processor.attr.StandardDOMEventAttributeModifierAttrProcessor
[THYMELEAF]         * "data-th-onformchange" [1000]: org.thymeleaf.standard.processor.attr.StandardDOMEventAttributeModifierAttrProcessor
[THYMELEAF]         * "data-th-onforminput" [1000]: org.thymeleaf.standard.processor.attr.StandardDOMEventAttributeModifierAttrProcessor
[THYMELEAF]         * "data-th-onhashchange" [1000]: org.thymeleaf.standard.processor.attr.StandardDOMEventAttributeModifierAttrProcessor
[THYMELEAF]         * "data-th-oninput" [1000]: org.thymeleaf.standard.processor.attr.StandardDOMEventAttributeModifierAttrProcessor
[THYMELEAF]         * "data-th-oninvalid" [1000]: org.thymeleaf.standard.processor.attr.StandardDOMEventAttributeModifierAttrProcessor
[THYMELEAF]         * "data-th-onkeydown" [1000]: org.thymeleaf.standard.processor.attr.StandardDOMEventAttributeModifierAttrProcessor
[THYMELEAF]         * "data-th-onkeypress" [1000]: org.thymeleaf.standard.processor.attr.StandardDOMEventAttributeModifierAttrProcessor
[THYMELEAF]         * "data-th-onkeyup" [1000]: org.thymeleaf.standard.processor.attr.StandardDOMEventAttributeModifierAttrProcessor
[THYMELEAF]         * "data-th-onload" [1000]: org.thymeleaf.standard.processor.attr.StandardDOMEventAttributeModifierAttrProcessor
[THYMELEAF]         * "data-th-onloadeddata" [1000]: org.thymeleaf.standard.processor.attr.StandardDOMEventAttributeModifierAttrProcessor
[THYMELEAF]         * "data-th-onloadedmetadata" [1000]: org.thymeleaf.standard.processor.attr.StandardDOMEventAttributeModifierAttrProcessor
[THYMELEAF]         * "data-th-onloadstart" [1000]: org.thymeleaf.standard.processor.attr.StandardDOMEventAttributeModifierAttrProcessor
[THYMELEAF]         * "data-th-onmessage" [1000]: org.thymeleaf.standard.processor.attr.StandardDOMEventAttributeModifierAttrProcessor
[THYMELEAF]         * "data-th-onmousedown" [1000]: org.thymeleaf.standard.processor.attr.StandardDOMEventAttributeModifierAttrProcessor
[THYMELEAF]         * "data-th-onmousemove" [1000]: org.thymeleaf.standard.processor.attr.StandardDOMEventAttributeModifierAttrProcessor
[THYMELEAF]         * "data-th-onmouseout" [1000]: org.thymeleaf.standard.processor.attr.StandardDOMEventAttributeModifierAttrProcessor
[THYMELEAF]         * "data-th-onmouseover" [1000]: org.thymeleaf.standard.processor.attr.StandardDOMEventAttributeModifierAttrProcessor
[THYMELEAF]         * "data-th-onmouseup" [1000]: org.thymeleaf.standard.processor.attr.StandardDOMEventAttributeModifierAttrProcessor
[THYMELEAF]         * "data-th-onmousewheel" [1000]: org.thymeleaf.standard.processor.attr.StandardDOMEventAttributeModifierAttrProcessor
[THYMELEAF]         * "data-th-onoffline" [1000]: org.thymeleaf.standard.processor.attr.StandardDOMEventAttributeModifierAttrProcessor
[THYMELEAF]         * "data-th-ononline" [1000]: org.thymeleaf.standard.processor.attr.StandardDOMEventAttributeModifierAttrProcessor
[THYMELEAF]         * "data-th-onpause" [1000]: org.thymeleaf.standard.processor.attr.StandardDOMEventAttributeModifierAttrProcessor
[THYMELEAF]         * "data-th-onplay" [1000]: org.thymeleaf.standard.processor.attr.StandardDOMEventAttributeModifierAttrProcessor
[THYMELEAF]         * "data-th-onplaying" [1000]: org.thymeleaf.standard.processor.attr.StandardDOMEventAttributeModifierAttrProcessor
[THYMELEAF]         * "data-th-onpopstate" [1000]: org.thymeleaf.standard.processor.attr.StandardDOMEventAttributeModifierAttrProcessor
[THYMELEAF]         * "data-th-onprogress" [1000]: org.thymeleaf.standard.processor.attr.StandardDOMEventAttributeModifierAttrProcessor
[THYMELEAF]         * "data-th-onratechange" [1000]: org.thymeleaf.standard.processor.attr.StandardDOMEventAttributeModifierAttrProcessor
[THYMELEAF]         * "data-th-onreadystatechange" [1000]: org.thymeleaf.standard.processor.attr.StandardDOMEventAttributeModifierAttrProcessor
[THYMELEAF]         * "data-th-onredo" [1000]: org.thymeleaf.standard.processor.attr.StandardDOMEventAttributeModifierAttrProcessor
[THYMELEAF]         * "data-th-onreset" [1000]: org.thymeleaf.standard.processor.attr.StandardDOMEventAttributeModifierAttrProcessor
[THYMELEAF]         * "data-th-onresize" [1000]: org.thymeleaf.standard.processor.attr.StandardDOMEventAttributeModifierAttrProcessor
[THYMELEAF]         * "data-th-onscroll" [1000]: org.thymeleaf.standard.processor.attr.StandardDOMEventAttributeModifierAttrProcessor
[THYMELEAF]         * "data-th-onseeked" [1000]: org.thymeleaf.standard.processor.attr.StandardDOMEventAttributeModifierAttrProcessor
[THYMELEAF]         * "data-th-onseeking" [1000]: org.thymeleaf.standard.processor.attr.StandardDOMEventAttributeModifierAttrProcessor
[THYMELEAF]         * "data-th-onselect" [1000]: org.thymeleaf.standard.processor.attr.StandardDOMEventAttributeModifierAttrProcessor
[THYMELEAF]         * "data-th-onshow" [1000]: org.thymeleaf.standard.processor.attr.StandardDOMEventAttributeModifierAttrProcessor
[THYMELEAF]         * "data-th-onstalled" [1000]: org.thymeleaf.standard.processor.attr.StandardDOMEventAttributeModifierAttrProcessor
[THYMELEAF]         * "data-th-onstorage" [1000]: org.thymeleaf.standard.processor.attr.StandardDOMEventAttributeModifierAttrProcessor
[THYMELEAF]         * "data-th-onsubmit" [1000]: org.thymeleaf.standard.processor.attr.StandardDOMEventAttributeModifierAttrProcessor
[THYMELEAF]         * "data-th-onsuspend" [1000]: org.thymeleaf.standard.processor.attr.StandardDOMEventAttributeModifierAttrProcessor
[THYMELEAF]         * "data-th-ontimeupdate" [1000]: org.thymeleaf.standard.processor.attr.StandardDOMEventAttributeModifierAttrProcessor
[THYMELEAF]         * "data-th-onundo" [1000]: org.thymeleaf.standard.processor.attr.StandardDOMEventAttributeModifierAttrProcessor
[THYMELEAF]         * "data-th-onunload" [1000]: org.thymeleaf.standard.processor.attr.StandardDOMEventAttributeModifierAttrProcessor
[THYMELEAF]         * "data-th-onvolumechange" [1000]: org.thymeleaf.standard.processor.attr.StandardDOMEventAttributeModifierAttrProcessor
[THYMELEAF]         * "data-th-onwaiting" [1000]: org.thymeleaf.standard.processor.attr.StandardDOMEventAttributeModifierAttrProcessor
[THYMELEAF]         * "data-th-open" [1000]: org.thymeleaf.standard.processor.attr.StandardConditionalFixedValueAttrProcessor
[THYMELEAF]         * "data-th-optimum" [1000]: org.thymeleaf.standard.processor.attr.StandardSingleRemovableAttributeModifierAttrProcessor
[THYMELEAF]         * "data-th-pattern" [1000]: org.thymeleaf.standard.processor.attr.StandardSingleRemovableAttributeModifierAttrProcessor
[THYMELEAF]         * "data-th-placeholder" [1000]: org.thymeleaf.standard.processor.attr.StandardSingleRemovableAttributeModifierAttrProcessor
[THYMELEAF]         * "data-th-poster" [1000]: org.thymeleaf.standard.processor.attr.StandardSingleRemovableAttributeModifierAttrProcessor
[THYMELEAF]         * "data-th-preload" [1000]: org.thymeleaf.standard.processor.attr.StandardSingleRemovableAttributeModifierAttrProcessor
[THYMELEAF]         * "data-th-pubdate" [1000]: org.thymeleaf.standard.processor.attr.StandardConditionalFixedValueAttrProcessor
[THYMELEAF]         * "data-th-radiogroup" [1000]: org.thymeleaf.standard.processor.attr.StandardSingleRemovableAttributeModifierAttrProcessor
[THYMELEAF]         * "data-th-readonly" [1000]: org.thymeleaf.standard.processor.attr.StandardConditionalFixedValueAttrProcessor
[THYMELEAF]         * "data-th-rel" [1000]: org.thymeleaf.standard.processor.attr.StandardSingleRemovableAttributeModifierAttrProcessor
[THYMELEAF]         * "data-th-remove" [1600]: org.thymeleaf.standard.processor.attr.StandardRemoveAttrProcessor
[THYMELEAF]         * "data-th-replace" [100]: org.thymeleaf.standard.processor.attr.StandardReplaceFragmentAttrProcessor
[THYMELEAF]         * "data-th-required" [1000]: org.thymeleaf.standard.processor.attr.StandardConditionalFixedValueAttrProcessor
[THYMELEAF]         * "data-th-rev" [1000]: org.thymeleaf.standard.processor.attr.StandardSingleRemovableAttributeModifierAttrProcessor
[THYMELEAF]         * "data-th-reversed" [1000]: org.thymeleaf.standard.processor.attr.StandardConditionalFixedValueAttrProcessor
[THYMELEAF]         * "data-th-rows" [1000]: org.thymeleaf.standard.processor.attr.StandardSingleRemovableAttributeModifierAttrProcessor
[THYMELEAF]         * "data-th-rowspan" [1000]: org.thymeleaf.standard.processor.attr.StandardSingleRemovableAttributeModifierAttrProcessor
[THYMELEAF]         * "data-th-rules" [1000]: org.thymeleaf.standard.processor.attr.StandardSingleRemovableAttributeModifierAttrProcessor
[THYMELEAF]         * "data-th-sandbox" [1000]: org.thymeleaf.standard.processor.attr.StandardSingleRemovableAttributeModifierAttrProcessor
[THYMELEAF]         * "data-th-scheme" [1000]: org.thymeleaf.standard.processor.attr.StandardSingleRemovableAttributeModifierAttrProcessor
[THYMELEAF]         * "data-th-scope" [1000]: org.thymeleaf.standard.processor.attr.StandardSingleRemovableAttributeModifierAttrProcessor
[THYMELEAF]         * "data-th-scoped" [1000]: org.thymeleaf.standard.processor.attr.StandardConditionalFixedValueAttrProcessor
[THYMELEAF]         * "data-th-scrolling" [1000]: org.thymeleaf.standard.processor.attr.StandardSingleRemovableAttributeModifierAttrProcessor
[THYMELEAF]         * "data-th-seamless" [1000]: org.thymeleaf.standard.processor.attr.StandardConditionalFixedValueAttrProcessor
[THYMELEAF]         * "data-th-selected" [1000]: org.thymeleaf.standard.processor.attr.StandardConditionalFixedValueAttrProcessor
[THYMELEAF]         * "data-th-size" [1000]: org.thymeleaf.standard.processor.attr.StandardSingleRemovableAttributeModifierAttrProcessor
[THYMELEAF]         * "data-th-sizes" [1000]: org.thymeleaf.standard.processor.attr.StandardSingleRemovableAttributeModifierAttrProcessor
[THYMELEAF]         * "data-th-span" [1000]: org.thymeleaf.standard.processor.attr.StandardSingleRemovableAttributeModifierAttrProcessor
[THYMELEAF]         * "data-th-spellcheck" [1000]: org.thymeleaf.standard.processor.attr.StandardSingleRemovableAttributeModifierAttrProcessor
[THYMELEAF]         * "data-th-src" [1000]: org.thymeleaf.spring4.processor.attr.SpringSrcAttrProcessor
[THYMELEAF]         * "data-th-srclang" [1000]: org.thymeleaf.standard.processor.attr.StandardSingleRemovableAttributeModifierAttrProcessor
[THYMELEAF]         * "data-th-standby" [1000]: org.thymeleaf.standard.processor.attr.StandardSingleRemovableAttributeModifierAttrProcessor
[THYMELEAF]         * "data-th-start" [1000]: org.thymeleaf.standard.processor.attr.StandardSingleRemovableAttributeModifierAttrProcessor
[THYMELEAF]         * "data-th-step" [1000]: org.thymeleaf.standard.processor.attr.StandardSingleRemovableAttributeModifierAttrProcessor
[THYMELEAF]         * "data-th-style" [1000]: org.thymeleaf.standard.processor.attr.StandardSingleRemovableAttributeModifierAttrProcessor
[THYMELEAF]         * "data-th-styleappend" [1100]: org.thymeleaf.standard.processor.attr.StandardStyleappendAttrProcessor
[THYMELEAF]         * "data-th-substituteby" [100]: org.thymeleaf.standard.processor.attr.StandardSubstituteByFragmentAttrProcessor
[THYMELEAF]         * "data-th-summary" [1000]: org.thymeleaf.standard.processor.attr.StandardSingleRemovableAttributeModifierAttrProcessor
[THYMELEAF]         * "data-th-switch" [250]: org.thymeleaf.standard.processor.attr.StandardSwitchAttrProcessor
[THYMELEAF]         * "data-th-tabindex" [1000]: org.thymeleaf.standard.processor.attr.StandardSingleRemovableAttributeModifierAttrProcessor
[THYMELEAF]         * "data-th-target" [1000]: org.thymeleaf.standard.processor.attr.StandardSingleRemovableAttributeModifierAttrProcessor
[THYMELEAF]         * "data-th-text" [1300]: org.thymeleaf.standard.processor.attr.StandardTextAttrProcessor
[THYMELEAF]         * "data-th-title" [1000]: org.thymeleaf.standard.processor.attr.StandardSingleRemovableAttributeModifierAttrProcessor
[THYMELEAF]         * "data-th-type" [1000]: org.thymeleaf.standard.processor.attr.StandardSingleNonRemovableAttributeModifierAttrProcessor
[THYMELEAF]         * "data-th-unless" [400]: org.thymeleaf.standard.processor.attr.StandardUnlessAttrProcessor
[THYMELEAF]         * "data-th-usemap" [1000]: org.thymeleaf.standard.processor.attr.StandardSingleRemovableAttributeModifierAttrProcessor
[THYMELEAF]         * "data-th-utext" [1400]: org.thymeleaf.standard.processor.attr.StandardUtextAttrProcessor
[THYMELEAF]         * "data-th-value" [1010]: org.thymeleaf.spring4.processor.attr.SpringValueAttrProcessor
[THYMELEAF]         * "data-th-valuetype" [1000]: org.thymeleaf.standard.processor.attr.StandardSingleRemovableAttributeModifierAttrProcessor
[THYMELEAF]         * "data-th-vspace" [1000]: org.thymeleaf.standard.processor.attr.StandardSingleRemovableAttributeModifierAttrProcessor
[THYMELEAF]         * "data-th-width" [1000]: org.thymeleaf.standard.processor.attr.StandardSingleRemovableAttributeModifierAttrProcessor
[THYMELEAF]         * "data-th-with" [600]: org.thymeleaf.standard.processor.attr.StandardWithAttrProcessor
[THYMELEAF]         * "data-th-wrap" [1000]: org.thymeleaf.standard.processor.attr.StandardSingleRemovableAttributeModifierAttrProcessor
[THYMELEAF]         * "data-th-xmlbase" [1000]: org.thymeleaf.standard.processor.attr.StandardXmlBaseAttrProcessor
[THYMELEAF]         * "data-th-xmllang" [1000]: org.thymeleaf.standard.processor.attr.StandardXmlLangAttrProcessor
[THYMELEAF]         * "data-th-xmlspace" [1000]: org.thymeleaf.standard.processor.attr.StandardXmlSpaceAttrProcessor
[THYMELEAF]         * "th:abbr" [1000]: org.thymeleaf.standard.processor.attr.StandardSingleRemovableAttributeModifierAttrProcessor
[THYMELEAF]         * "th:accept" [1000]: org.thymeleaf.standard.processor.attr.StandardSingleRemovableAttributeModifierAttrProcessor
[THYMELEAF]         * "th:accept-charset" [1000]: org.thymeleaf.standard.processor.attr.StandardSingleRemovableAttributeModifierAttrProcessor
[THYMELEAF]         * "th:accesskey" [1000]: org.thymeleaf.standard.processor.attr.StandardSingleRemovableAttributeModifierAttrProcessor
[THYMELEAF]         * "th:action" [1000]: org.thymeleaf.spring4.processor.attr.SpringActionAttrProcessor
[THYMELEAF]         * "th:align" [1000]: org.thymeleaf.standard.processor.attr.StandardSingleRemovableAttributeModifierAttrProcessor
[THYMELEAF]         * "th:alt" [1000]: org.thymeleaf.standard.processor.attr.StandardSingleRemovableAttributeModifierAttrProcessor
[THYMELEAF]         * "th:alt-title" [990]: org.thymeleaf.standard.processor.attr.StandardAltTitleAttrProcessor
[THYMELEAF]         * "th:archive" [1000]: org.thymeleaf.standard.processor.attr.StandardSingleRemovableAttributeModifierAttrProcessor
[THYMELEAF]         * "th:assert" [1550]: org.thymeleaf.standard.processor.attr.StandardAssertAttrProcessor
[THYMELEAF]         * "th:async" [1000]: org.thymeleaf.standard.processor.attr.StandardConditionalFixedValueAttrProcessor
[THYMELEAF]         * "th:attr" [700]: org.thymeleaf.standard.processor.attr.StandardAttrAttrProcessor
[THYMELEAF]         * "th:attrappend" [900]: org.thymeleaf.standard.processor.attr.StandardAttrappendAttrProcessor
[THYMELEAF]         * "th:attrprepend" [800]: org.thymeleaf.standard.processor.attr.StandardAttrprependAttrProcessor
[THYMELEAF]         * "th:audio" [1000]: org.thymeleaf.standard.processor.attr.StandardSingleRemovableAttributeModifierAttrProcessor
[THYMELEAF]         * "th:autocomplete" [1000]: org.thymeleaf.standard.processor.attr.StandardSingleRemovableAttributeModifierAttrProcessor
[THYMELEAF]         * "th:autofocus" [1000]: org.thymeleaf.standard.processor.attr.StandardConditionalFixedValueAttrProcessor
[THYMELEAF]         * "th:autoplay" [1000]: org.thymeleaf.standard.processor.attr.StandardConditionalFixedValueAttrProcessor
[THYMELEAF]         * "th:axis" [1000]: org.thymeleaf.standard.processor.attr.StandardSingleRemovableAttributeModifierAttrProcessor
[THYMELEAF]         * "th:background" [1000]: org.thymeleaf.standard.processor.attr.StandardSingleRemovableAttributeModifierAttrProcessor
[THYMELEAF]         * "th:bgcolor" [1000]: org.thymeleaf.standard.processor.attr.StandardSingleRemovableAttributeModifierAttrProcessor
[THYMELEAF]         * "th:border" [1000]: org.thymeleaf.standard.processor.attr.StandardSingleRemovableAttributeModifierAttrProcessor
[THYMELEAF]         * "th:case" [275]: org.thymeleaf.standard.processor.attr.StandardCaseAttrProcessor
[THYMELEAF]         * "th:cellpadding" [1000]: org.thymeleaf.standard.processor.attr.StandardSingleRemovableAttributeModifierAttrProcessor
[THYMELEAF]         * "th:cellspacing" [1000]: org.thymeleaf.standard.processor.attr.StandardSingleRemovableAttributeModifierAttrProcessor
[THYMELEAF]         * "th:challenge" [1000]: org.thymeleaf.standard.processor.attr.StandardSingleRemovableAttributeModifierAttrProcessor
[THYMELEAF]         * "th:charset" [1000]: org.thymeleaf.standard.processor.attr.StandardSingleRemovableAttributeModifierAttrProcessor
[THYMELEAF]         * "th:checked" [1000]: org.thymeleaf.standard.processor.attr.StandardConditionalFixedValueAttrProcessor
[THYMELEAF]         * "th:cite" [1000]: org.thymeleaf.standard.processor.attr.StandardSingleRemovableAttributeModifierAttrProcessor
[THYMELEAF]         * "th:class" [1000]: org.thymeleaf.standard.processor.attr.StandardSingleRemovableAttributeModifierAttrProcessor
[THYMELEAF]         * "th:classappend" [1100]: org.thymeleaf.standard.processor.attr.StandardClassappendAttrProcessor
[THYMELEAF]         * "th:classid" [1000]: org.thymeleaf.standard.processor.attr.StandardSingleRemovableAttributeModifierAttrProcessor
[THYMELEAF]         * "th:codebase" [1000]: org.thymeleaf.standard.processor.attr.StandardSingleRemovableAttributeModifierAttrProcessor
[THYMELEAF]         * "th:codetype" [1000]: org.thymeleaf.standard.processor.attr.StandardSingleRemovableAttributeModifierAttrProcessor
[THYMELEAF]         * "th:cols" [1000]: org.thymeleaf.standard.processor.attr.StandardSingleRemovableAttributeModifierAttrProcessor
[THYMELEAF]         * "th:colspan" [1000]: org.thymeleaf.standard.processor.attr.StandardSingleRemovableAttributeModifierAttrProcessor
[THYMELEAF]         * "th:compact" [1000]: org.thymeleaf.standard.processor.attr.StandardSingleRemovableAttributeModifierAttrProcessor
[THYMELEAF]         * "th:content" [1000]: org.thymeleaf.standard.processor.attr.StandardSingleRemovableAttributeModifierAttrProcessor
[THYMELEAF]         * "th:contenteditable" [1000]: org.thymeleaf.standard.processor.attr.StandardSingleRemovableAttributeModifierAttrProcessor
[THYMELEAF]         * "th:contextmenu" [1000]: org.thymeleaf.standard.processor.attr.StandardSingleRemovableAttributeModifierAttrProcessor
[THYMELEAF]         * "th:controls" [1000]: org.thymeleaf.standard.processor.attr.StandardConditionalFixedValueAttrProcessor
[THYMELEAF]         * "th:data" [1000]: org.thymeleaf.standard.processor.attr.StandardSingleRemovableAttributeModifierAttrProcessor
[THYMELEAF]         * "th:datetime" [1000]: org.thymeleaf.standard.processor.attr.StandardSingleRemovableAttributeModifierAttrProcessor
[THYMELEAF]         * "th:declare" [1000]: org.thymeleaf.standard.processor.attr.StandardConditionalFixedValueAttrProcessor
[THYMELEAF]         * "th:default" [1000]: org.thymeleaf.standard.processor.attr.StandardConditionalFixedValueAttrProcessor
[THYMELEAF]         * "th:defer" [1000]: org.thymeleaf.standard.processor.attr.StandardConditionalFixedValueAttrProcessor
[THYMELEAF]         * "th:dir" [1000]: org.thymeleaf.standard.processor.attr.StandardSingleRemovableAttributeModifierAttrProcessor
[THYMELEAF]         * "th:disabled" [1000]: org.thymeleaf.standard.processor.attr.StandardConditionalFixedValueAttrProcessor
[THYMELEAF]         * "th:draggable" [1000]: org.thymeleaf.standard.processor.attr.StandardSingleRemovableAttributeModifierAttrProcessor
[THYMELEAF]         * "th:dropzone" [1000]: org.thymeleaf.standard.processor.attr.StandardSingleRemovableAttributeModifierAttrProcessor
[THYMELEAF]         * "th:each" [200]: org.thymeleaf.standard.processor.attr.StandardEachAttrProcessor
[THYMELEAF]         * "th:enctype" [1000]: org.thymeleaf.standard.processor.attr.StandardSingleRemovableAttributeModifierAttrProcessor
[THYMELEAF]         * "th:errorclass" [1500]: org.thymeleaf.spring4.processor.attr.SpringErrorClassAttrProcessor
[THYMELEAF]         * "th:errors" [1200]: org.thymeleaf.spring4.processor.attr.SpringErrorsAttrProcessor
[THYMELEAF]         * "th:field" [1200]: org.thymeleaf.spring4.processor.attr.SpringInputGeneralFieldAttrProcessor
[THYMELEAF]         * "th:field" [1200]: org.thymeleaf.spring4.processor.attr.SpringInputPasswordFieldAttrProcessor
[THYMELEAF]         * "th:field" [1200]: org.thymeleaf.spring4.processor.attr.SpringInputGeneralFieldAttrProcessor
[THYMELEAF]         * "th:field" [1200]: org.thymeleaf.spring4.processor.attr.SpringInputGeneralFieldAttrProcessor
[THYMELEAF]         * "th:field" [1200]: org.thymeleaf.spring4.processor.attr.SpringInputGeneralFieldAttrProcessor
[THYMELEAF]         * "th:field" [1200]: org.thymeleaf.spring4.processor.attr.SpringInputGeneralFieldAttrProcessor
[THYMELEAF]         * "th:field" [1200]: org.thymeleaf.spring4.processor.attr.SpringInputCheckboxFieldAttrProcessor
[THYMELEAF]         * "th:field" [1200]: org.thymeleaf.spring4.processor.attr.SpringInputGeneralFieldAttrProcessor
[THYMELEAF]         * "th:field" [1200]: org.thymeleaf.spring4.processor.attr.SpringInputGeneralFieldAttrProcessor
[THYMELEAF]         * "th:field" [1200]: org.thymeleaf.spring4.processor.attr.SpringInputGeneralFieldAttrProcessor
[THYMELEAF]         * "th:field" [1200]: org.thymeleaf.spring4.processor.attr.SpringOptionFieldAttrProcessor
[THYMELEAF]         * "th:field" [1200]: org.thymeleaf.spring4.processor.attr.SpringInputGeneralFieldAttrProcessor
[THYMELEAF]         * "th:field" [1200]: org.thymeleaf.spring4.processor.attr.SpringInputGeneralFieldAttrProcessor
[THYMELEAF]         * "th:field" [1200]: org.thymeleaf.spring4.processor.attr.SpringInputGeneralFieldAttrProcessor
[THYMELEAF]         * "th:field" [1200]: org.thymeleaf.spring4.processor.attr.SpringInputGeneralFieldAttrProcessor
[THYMELEAF]         * "th:field" [1200]: org.thymeleaf.spring4.processor.attr.SpringInputRadioFieldAttrProcessor
[THYMELEAF]         * "th:field" [1200]: org.thymeleaf.spring4.processor.attr.SpringInputGeneralFieldAttrProcessor
[THYMELEAF]         * "th:field" [1200]: org.thymeleaf.spring4.processor.attr.SpringTextareaFieldAttrProcessor
[THYMELEAF]         * "th:field" [1200]: org.thymeleaf.spring4.processor.attr.SpringInputGeneralFieldAttrProcessor
[THYMELEAF]         * "th:field" [1200]: org.thymeleaf.spring4.processor.attr.SpringInputGeneralFieldAttrProcessor
[THYMELEAF]         * "th:field" [1200]: org.thymeleaf.spring4.processor.attr.SpringInputGeneralFieldAttrProcessor
[THYMELEAF]         * "th:field" [1200]: org.thymeleaf.spring4.processor.attr.SpringSelectFieldAttrProcessor
[THYMELEAF]         * "th:field" [1200]: org.thymeleaf.spring4.processor.attr.SpringInputFileFieldAttrProcessor
[THYMELEAF]         * "th:for" [1000]: org.thymeleaf.standard.processor.attr.StandardSingleRemovableAttributeModifierAttrProcessor
[THYMELEAF]         * "th:form" [1000]: org.thymeleaf.standard.processor.attr.StandardSingleRemovableAttributeModifierAttrProcessor
[THYMELEAF]         * "th:formaction" [1000]: org.thymeleaf.standard.processor.attr.StandardSingleRemovableAttributeModifierAttrProcessor
[THYMELEAF]         * "th:formenctype" [1000]: org.thymeleaf.standard.processor.attr.StandardSingleRemovableAttributeModifierAttrProcessor
[THYMELEAF]         * "th:formmethod" [1000]: org.thymeleaf.standard.processor.attr.StandardSingleRemovableAttributeModifierAttrProcessor
[THYMELEAF]         * "th:formnovalidate" [1000]: org.thymeleaf.standard.processor.attr.StandardConditionalFixedValueAttrProcessor
[THYMELEAF]         * "th:formtarget" [1000]: org.thymeleaf.standard.processor.attr.StandardSingleRemovableAttributeModifierAttrProcessor
[THYMELEAF]         * "th:fragment" [1500]: org.thymeleaf.standard.processor.attr.StandardFragmentAttrProcessor
[THYMELEAF]         * "th:frame" [1000]: org.thymeleaf.standard.processor.attr.StandardSingleRemovableAttributeModifierAttrProcessor
[THYMELEAF]         * "th:frameborder" [1000]: org.thymeleaf.standard.processor.attr.StandardSingleRemovableAttributeModifierAttrProcessor
[THYMELEAF]         * "th:headers" [1000]: org.thymeleaf.standard.processor.attr.StandardSingleRemovableAttributeModifierAttrProcessor
[THYMELEAF]         * "th:height" [1000]: org.thymeleaf.standard.processor.attr.StandardSingleRemovableAttributeModifierAttrProcessor
[THYMELEAF]         * "th:hidden" [1000]: org.thymeleaf.standard.processor.attr.StandardConditionalFixedValueAttrProcessor
[THYMELEAF]         * "th:high" [1000]: org.thymeleaf.standard.processor.attr.StandardSingleRemovableAttributeModifierAttrProcessor
[THYMELEAF]         * "th:href" [1000]: org.thymeleaf.spring4.processor.attr.SpringHrefAttrProcessor
[THYMELEAF]         * "th:hreflang" [1000]: org.thymeleaf.standard.processor.attr.StandardSingleRemovableAttributeModifierAttrProcessor
[THYMELEAF]         * "th:hspace" [1000]: org.thymeleaf.standard.processor.attr.StandardSingleRemovableAttributeModifierAttrProcessor
[THYMELEAF]         * "th:http-equiv" [1000]: org.thymeleaf.standard.processor.attr.StandardSingleRemovableAttributeModifierAttrProcessor
[THYMELEAF]         * "th:icon" [1000]: org.thymeleaf.standard.processor.attr.StandardSingleRemovableAttributeModifierAttrProcessor
[THYMELEAF]         * "th:id" [1000]: org.thymeleaf.standard.processor.attr.StandardSingleRemovableAttributeModifierAttrProcessor
[THYMELEAF]         * "th:if" [300]: org.thymeleaf.standard.processor.attr.StandardIfAttrProcessor
[THYMELEAF]         * "th:include" [100]: org.thymeleaf.standard.processor.attr.StandardIncludeFragmentAttrProcessor
[THYMELEAF]         * "th:inline" [1000]: org.thymeleaf.standard.processor.attr.StandardInlineAttrProcessor
[THYMELEAF]         * "th:ismap" [1000]: org.thymeleaf.standard.processor.attr.StandardConditionalFixedValueAttrProcessor
[THYMELEAF]         * "th:keytype" [1000]: org.thymeleaf.standard.processor.attr.StandardSingleRemovableAttributeModifierAttrProcessor
[THYMELEAF]         * "th:kind" [1000]: org.thymeleaf.standard.processor.attr.StandardSingleRemovableAttributeModifierAttrProcessor
[THYMELEAF]         * "th:label" [1000]: org.thymeleaf.standard.processor.attr.StandardSingleRemovableAttributeModifierAttrProcessor
[THYMELEAF]         * "th:lang" [1000]: org.thymeleaf.standard.processor.attr.StandardSingleRemovableAttributeModifierAttrProcessor
[THYMELEAF]         * "th:lang-xmllang" [990]: org.thymeleaf.standard.processor.attr.StandardLangXmlLangAttrProcessor
[THYMELEAF]         * "th:list" [1000]: org.thymeleaf.standard.processor.attr.StandardSingleRemovableAttributeModifierAttrProcessor
[THYMELEAF]         * "th:longdesc" [1000]: org.thymeleaf.standard.processor.attr.StandardSingleRemovableAttributeModifierAttrProcessor
[THYMELEAF]         * "th:loop" [1000]: org.thymeleaf.standard.processor.attr.StandardConditionalFixedValueAttrProcessor
[THYMELEAF]         * "th:low" [1000]: org.thymeleaf.standard.processor.attr.StandardSingleRemovableAttributeModifierAttrProcessor
[THYMELEAF]         * "th:manifest" [1000]: org.thymeleaf.standard.processor.attr.StandardSingleRemovableAttributeModifierAttrProcessor
[THYMELEAF]         * "th:marginheight" [1000]: org.thymeleaf.standard.processor.attr.StandardSingleRemovableAttributeModifierAttrProcessor
[THYMELEAF]         * "th:marginwidth" [1000]: org.thymeleaf.standard.processor.attr.StandardSingleRemovableAttributeModifierAttrProcessor
[THYMELEAF]         * "th:max" [1000]: org.thymeleaf.standard.processor.attr.StandardSingleRemovableAttributeModifierAttrProcessor
[THYMELEAF]         * "th:maxlength" [1000]: org.thymeleaf.standard.processor.attr.StandardSingleRemovableAttributeModifierAttrProcessor
[THYMELEAF]         * "th:media" [1000]: org.thymeleaf.standard.processor.attr.StandardSingleRemovableAttributeModifierAttrProcessor
[THYMELEAF]         * "th:method" [990]: org.thymeleaf.spring4.processor.attr.SpringMethodAttrProcessor
[THYMELEAF]         * "th:min" [1000]: org.thymeleaf.standard.processor.attr.StandardSingleRemovableAttributeModifierAttrProcessor
[THYMELEAF]         * "th:multiple" [1000]: org.thymeleaf.standard.processor.attr.StandardConditionalFixedValueAttrProcessor
[THYMELEAF]         * "th:name" [1000]: org.thymeleaf.standard.processor.attr.StandardSingleNonRemovableAttributeModifierAttrProcessor
[THYMELEAF]         * "th:novalidate" [1000]: org.thymeleaf.standard.processor.attr.StandardConditionalFixedValueAttrProcessor
[THYMELEAF]         * "th:nowrap" [1000]: org.thymeleaf.standard.processor.attr.StandardConditionalFixedValueAttrProcessor
[THYMELEAF]         * "th:object" [500]: org.thymeleaf.spring4.processor.attr.SpringObjectAttrProcessor
[THYMELEAF]         * "th:onabort" [1000]: org.thymeleaf.standard.processor.attr.StandardDOMEventAttributeModifierAttrProcessor
[THYMELEAF]         * "th:onafterprint" [1000]: org.thymeleaf.standard.processor.attr.StandardDOMEventAttributeModifierAttrProcessor
[THYMELEAF]         * "th:onbeforeprint" [1000]: org.thymeleaf.standard.processor.attr.StandardDOMEventAttributeModifierAttrProcessor
[THYMELEAF]         * "th:onbeforeunload" [1000]: org.thymeleaf.standard.processor.attr.StandardDOMEventAttributeModifierAttrProcessor
[THYMELEAF]         * "th:onblur" [1000]: org.thymeleaf.standard.processor.attr.StandardDOMEventAttributeModifierAttrProcessor
[THYMELEAF]         * "th:oncanplay" [1000]: org.thymeleaf.standard.processor.attr.StandardDOMEventAttributeModifierAttrProcessor
[THYMELEAF]         * "th:oncanplaythrough" [1000]: org.thymeleaf.standard.processor.attr.StandardDOMEventAttributeModifierAttrProcessor
[THYMELEAF]         * "th:onchange" [1000]: org.thymeleaf.standard.processor.attr.StandardDOMEventAttributeModifierAttrProcessor
[THYMELEAF]         * "th:onclick" [1000]: org.thymeleaf.standard.processor.attr.StandardDOMEventAttributeModifierAttrProcessor
[THYMELEAF]         * "th:oncontextmenu" [1000]: org.thymeleaf.standard.processor.attr.StandardDOMEventAttributeModifierAttrProcessor
[THYMELEAF]         * "th:ondblclick" [1000]: org.thymeleaf.standard.processor.attr.StandardDOMEventAttributeModifierAttrProcessor
[THYMELEAF]         * "th:ondrag" [1000]: org.thymeleaf.standard.processor.attr.StandardDOMEventAttributeModifierAttrProcessor
[THYMELEAF]         * "th:ondragend" [1000]: org.thymeleaf.standard.processor.attr.StandardDOMEventAttributeModifierAttrProcessor
[THYMELEAF]         * "th:ondragenter" [1000]: org.thymeleaf.standard.processor.attr.StandardDOMEventAttributeModifierAttrProcessor
[THYMELEAF]         * "th:ondragleave" [1000]: org.thymeleaf.standard.processor.attr.StandardDOMEventAttributeModifierAttrProcessor
[THYMELEAF]         * "th:ondragover" [1000]: org.thymeleaf.standard.processor.attr.StandardDOMEventAttributeModifierAttrProcessor
[THYMELEAF]         * "th:ondragstart" [1000]: org.thymeleaf.standard.processor.attr.StandardDOMEventAttributeModifierAttrProcessor
[THYMELEAF]         * "th:ondrop" [1000]: org.thymeleaf.standard.processor.attr.StandardDOMEventAttributeModifierAttrProcessor
[THYMELEAF]         * "th:ondurationchange" [1000]: org.thymeleaf.standard.processor.attr.StandardDOMEventAttributeModifierAttrProcessor
[THYMELEAF]         * "th:onemptied" [1000]: org.thymeleaf.standard.processor.attr.StandardDOMEventAttributeModifierAttrProcessor
[THYMELEAF]         * "th:onended" [1000]: org.thymeleaf.standard.processor.attr.StandardDOMEventAttributeModifierAttrProcessor
[THYMELEAF]         * "th:onerror" [1000]: org.thymeleaf.standard.processor.attr.StandardDOMEventAttributeModifierAttrProcessor
[THYMELEAF]         * "th:onfocus" [1000]: org.thymeleaf.standard.processor.attr.StandardDOMEventAttributeModifierAttrProcessor
[THYMELEAF]         * "th:onformchange" [1000]: org.thymeleaf.standard.processor.attr.StandardDOMEventAttributeModifierAttrProcessor
[THYMELEAF]         * "th:onforminput" [1000]: org.thymeleaf.standard.processor.attr.StandardDOMEventAttributeModifierAttrProcessor
[THYMELEAF]         * "th:onhashchange" [1000]: org.thymeleaf.standard.processor.attr.StandardDOMEventAttributeModifierAttrProcessor
[THYMELEAF]         * "th:oninput" [1000]: org.thymeleaf.standard.processor.attr.StandardDOMEventAttributeModifierAttrProcessor
[THYMELEAF]         * "th:oninvalid" [1000]: org.thymeleaf.standard.processor.attr.StandardDOMEventAttributeModifierAttrProcessor
[THYMELEAF]         * "th:onkeydown" [1000]: org.thymeleaf.standard.processor.attr.StandardDOMEventAttributeModifierAttrProcessor
[THYMELEAF]         * "th:onkeypress" [1000]: org.thymeleaf.standard.processor.attr.StandardDOMEventAttributeModifierAttrProcessor
[THYMELEAF]         * "th:onkeyup" [1000]: org.thymeleaf.standard.processor.attr.StandardDOMEventAttributeModifierAttrProcessor
[THYMELEAF]         * "th:onload" [1000]: org.thymeleaf.standard.processor.attr.StandardDOMEventAttributeModifierAttrProcessor
[THYMELEAF]         * "th:onloadeddata" [1000]: org.thymeleaf.standard.processor.attr.StandardDOMEventAttributeModifierAttrProcessor
[THYMELEAF]         * "th:onloadedmetadata" [1000]: org.thymeleaf.standard.processor.attr.StandardDOMEventAttributeModifierAttrProcessor
[THYMELEAF]         * "th:onloadstart" [1000]: org.thymeleaf.standard.processor.attr.StandardDOMEventAttributeModifierAttrProcessor
[THYMELEAF]         * "th:onmessage" [1000]: org.thymeleaf.standard.processor.attr.StandardDOMEventAttributeModifierAttrProcessor
[THYMELEAF]         * "th:onmousedown" [1000]: org.thymeleaf.standard.processor.attr.StandardDOMEventAttributeModifierAttrProcessor
[THYMELEAF]         * "th:onmousemove" [1000]: org.thymeleaf.standard.processor.attr.StandardDOMEventAttributeModifierAttrProcessor
[THYMELEAF]         * "th:onmouseout" [1000]: org.thymeleaf.standard.processor.attr.StandardDOMEventAttributeModifierAttrProcessor
[THYMELEAF]         * "th:onmouseover" [1000]: org.thymeleaf.standard.processor.attr.StandardDOMEventAttributeModifierAttrProcessor
[THYMELEAF]         * "th:onmouseup" [1000]: org.thymeleaf.standard.processor.attr.StandardDOMEventAttributeModifierAttrProcessor
[THYMELEAF]         * "th:onmousewheel" [1000]: org.thymeleaf.standard.processor.attr.StandardDOMEventAttributeModifierAttrProcessor
[THYMELEAF]         * "th:onoffline" [1000]: org.thymeleaf.standard.processor.attr.StandardDOMEventAttributeModifierAttrProcessor
[THYMELEAF]         * "th:ononline" [1000]: org.thymeleaf.standard.processor.attr.StandardDOMEventAttributeModifierAttrProcessor
[THYMELEAF]         * "th:onpause" [1000]: org.thymeleaf.standard.processor.attr.StandardDOMEventAttributeModifierAttrProcessor
[THYMELEAF]         * "th:onplay" [1000]: org.thymeleaf.standard.processor.attr.StandardDOMEventAttributeModifierAttrProcessor
[THYMELEAF]         * "th:onplaying" [1000]: org.thymeleaf.standard.processor.attr.StandardDOMEventAttributeModifierAttrProcessor
[THYMELEAF]         * "th:onpopstate" [1000]: org.thymeleaf.standard.processor.attr.StandardDOMEventAttributeModifierAttrProcessor
[THYMELEAF]         * "th:onprogress" [1000]: org.thymeleaf.standard.processor.attr.StandardDOMEventAttributeModifierAttrProcessor
[THYMELEAF]         * "th:onratechange" [1000]: org.thymeleaf.standard.processor.attr.StandardDOMEventAttributeModifierAttrProcessor
[THYMELEAF]         * "th:onreadystatechange" [1000]: org.thymeleaf.standard.processor.attr.StandardDOMEventAttributeModifierAttrProcessor
[THYMELEAF]         * "th:onredo" [1000]: org.thymeleaf.standard.processor.attr.StandardDOMEventAttributeModifierAttrProcessor
[THYMELEAF]         * "th:onreset" [1000]: org.thymeleaf.standard.processor.attr.StandardDOMEventAttributeModifierAttrProcessor
[THYMELEAF]         * "th:onresize" [1000]: org.thymeleaf.standard.processor.attr.StandardDOMEventAttributeModifierAttrProcessor
[THYMELEAF]         * "th:onscroll" [1000]: org.thymeleaf.standard.processor.attr.StandardDOMEventAttributeModifierAttrProcessor
[THYMELEAF]         * "th:onseeked" [1000]: org.thymeleaf.standard.processor.attr.StandardDOMEventAttributeModifierAttrProcessor
[THYMELEAF]         * "th:onseeking" [1000]: org.thymeleaf.standard.processor.attr.StandardDOMEventAttributeModifierAttrProcessor
[THYMELEAF]         * "th:onselect" [1000]: org.thymeleaf.standard.processor.attr.StandardDOMEventAttributeModifierAttrProcessor
[THYMELEAF]         * "th:onshow" [1000]: org.thymeleaf.standard.processor.attr.StandardDOMEventAttributeModifierAttrProcessor
[THYMELEAF]         * "th:onstalled" [1000]: org.thymeleaf.standard.processor.attr.StandardDOMEventAttributeModifierAttrProcessor
[THYMELEAF]         * "th:onstorage" [1000]: org.thymeleaf.standard.processor.attr.StandardDOMEventAttributeModifierAttrProcessor
[THYMELEAF]         * "th:onsubmit" [1000]: org.thymeleaf.standard.processor.attr.StandardDOMEventAttributeModifierAttrProcessor
[THYMELEAF]         * "th:onsuspend" [1000]: org.thymeleaf.standard.processor.attr.StandardDOMEventAttributeModifierAttrProcessor
[THYMELEAF]         * "th:ontimeupdate" [1000]: org.thymeleaf.standard.processor.attr.StandardDOMEventAttributeModifierAttrProcessor
[THYMELEAF]         * "th:onundo" [1000]: org.thymeleaf.standard.processor.attr.StandardDOMEventAttributeModifierAttrProcessor
[THYMELEAF]         * "th:onunload" [1000]: org.thymeleaf.standard.processor.attr.StandardDOMEventAttributeModifierAttrProcessor
[THYMELEAF]         * "th:onvolumechange" [1000]: org.thymeleaf.standard.processor.attr.StandardDOMEventAttributeModifierAttrProcessor
[THYMELEAF]         * "th:onwaiting" [1000]: org.thymeleaf.standard.processor.attr.StandardDOMEventAttributeModifierAttrProcessor
[THYMELEAF]         * "th:open" [1000]: org.thymeleaf.standard.processor.attr.StandardConditionalFixedValueAttrProcessor
[THYMELEAF]         * "th:optimum" [1000]: org.thymeleaf.standard.processor.attr.StandardSingleRemovableAttributeModifierAttrProcessor
[THYMELEAF]         * "th:pattern" [1000]: org.thymeleaf.standard.processor.attr.StandardSingleRemovableAttributeModifierAttrProcessor
[THYMELEAF]         * "th:placeholder" [1000]: org.thymeleaf.standard.processor.attr.StandardSingleRemovableAttributeModifierAttrProcessor
[THYMELEAF]         * "th:poster" [1000]: org.thymeleaf.standard.processor.attr.StandardSingleRemovableAttributeModifierAttrProcessor
[THYMELEAF]         * "th:preload" [1000]: org.thymeleaf.standard.processor.attr.StandardSingleRemovableAttributeModifierAttrProcessor
[THYMELEAF]         * "th:pubdate" [1000]: org.thymeleaf.standard.processor.attr.StandardConditionalFixedValueAttrProcessor
[THYMELEAF]         * "th:radiogroup" [1000]: org.thymeleaf.standard.processor.attr.StandardSingleRemovableAttributeModifierAttrProcessor
[THYMELEAF]         * "th:readonly" [1000]: org.thymeleaf.standard.processor.attr.StandardConditionalFixedValueAttrProcessor
[THYMELEAF]         * "th:rel" [1000]: org.thymeleaf.standard.processor.attr.StandardSingleRemovableAttributeModifierAttrProcessor
[THYMELEAF]         * "th:remove" [1600]: org.thymeleaf.standard.processor.attr.StandardRemoveAttrProcessor
[THYMELEAF]         * "th:replace" [100]: org.thymeleaf.standard.processor.attr.StandardReplaceFragmentAttrProcessor
[THYMELEAF]         * "th:required" [1000]: org.thymeleaf.standard.processor.attr.StandardConditionalFixedValueAttrProcessor
[THYMELEAF]         * "th:rev" [1000]: org.thymeleaf.standard.processor.attr.StandardSingleRemovableAttributeModifierAttrProcessor
[THYMELEAF]         * "th:reversed" [1000]: org.thymeleaf.standard.processor.attr.StandardConditionalFixedValueAttrProcessor
[THYMELEAF]         * "th:rows" [1000]: org.thymeleaf.standard.processor.attr.StandardSingleRemovableAttributeModifierAttrProcessor
[THYMELEAF]         * "th:rowspan" [1000]: org.thymeleaf.standard.processor.attr.StandardSingleRemovableAttributeModifierAttrProcessor
[THYMELEAF]         * "th:rules" [1000]: org.thymeleaf.standard.processor.attr.StandardSingleRemovableAttributeModifierAttrProcessor
[THYMELEAF]         * "th:sandbox" [1000]: org.thymeleaf.standard.processor.attr.StandardSingleRemovableAttributeModifierAttrProcessor
[THYMELEAF]         * "th:scheme" [1000]: org.thymeleaf.standard.processor.attr.StandardSingleRemovableAttributeModifierAttrProcessor
[THYMELEAF]         * "th:scope" [1000]: org.thymeleaf.standard.processor.attr.StandardSingleRemovableAttributeModifierAttrProcessor
[THYMELEAF]         * "th:scoped" [1000]: org.thymeleaf.standard.processor.attr.StandardConditionalFixedValueAttrProcessor
[THYMELEAF]         * "th:scrolling" [1000]: org.thymeleaf.standard.processor.attr.StandardSingleRemovableAttributeModifierAttrProcessor
[THYMELEAF]         * "th:seamless" [1000]: org.thymeleaf.standard.processor.attr.StandardConditionalFixedValueAttrProcessor
[THYMELEAF]         * "th:selected" [1000]: org.thymeleaf.standard.processor.attr.StandardConditionalFixedValueAttrProcessor
[THYMELEAF]         * "th:size" [1000]: org.thymeleaf.standard.processor.attr.StandardSingleRemovableAttributeModifierAttrProcessor
[THYMELEAF]         * "th:sizes" [1000]: org.thymeleaf.standard.processor.attr.StandardSingleRemovableAttributeModifierAttrProcessor
[THYMELEAF]         * "th:span" [1000]: org.thymeleaf.standard.processor.attr.StandardSingleRemovableAttributeModifierAttrProcessor
[THYMELEAF]         * "th:spellcheck" [1000]: org.thymeleaf.standard.processor.attr.StandardSingleRemovableAttributeModifierAttrProcessor
[THYMELEAF]         * "th:src" [1000]: org.thymeleaf.spring4.processor.attr.SpringSrcAttrProcessor
[THYMELEAF]         * "th:srclang" [1000]: org.thymeleaf.standard.processor.attr.StandardSingleRemovableAttributeModifierAttrProcessor
[THYMELEAF]         * "th:standby" [1000]: org.thymeleaf.standard.processor.attr.StandardSingleRemovableAttributeModifierAttrProcessor
[THYMELEAF]         * "th:start" [1000]: org.thymeleaf.standard.processor.attr.StandardSingleRemovableAttributeModifierAttrProcessor
[THYMELEAF]         * "th:step" [1000]: org.thymeleaf.standard.processor.attr.StandardSingleRemovableAttributeModifierAttrProcessor
[THYMELEAF]         * "th:style" [1000]: org.thymeleaf.standard.processor.attr.StandardSingleRemovableAttributeModifierAttrProcessor
[THYMELEAF]         * "th:styleappend" [1100]: org.thymeleaf.standard.processor.attr.StandardStyleappendAttrProcessor
[THYMELEAF]         * "th:substituteby" [100]: org.thymeleaf.standard.processor.attr.StandardSubstituteByFragmentAttrProcessor
[THYMELEAF]         * "th:summary" [1000]: org.thymeleaf.standard.processor.attr.StandardSingleRemovableAttributeModifierAttrProcessor
[THYMELEAF]         * "th:switch" [250]: org.thymeleaf.standard.processor.attr.StandardSwitchAttrProcessor
[THYMELEAF]         * "th:tabindex" [1000]: org.thymeleaf.standard.processor.attr.StandardSingleRemovableAttributeModifierAttrProcessor
[THYMELEAF]         * "th:target" [1000]: org.thymeleaf.standard.processor.attr.StandardSingleRemovableAttributeModifierAttrProcessor
[THYMELEAF]         * "th:text" [1300]: org.thymeleaf.standard.processor.attr.StandardTextAttrProcessor
[THYMELEAF]         * "th:title" [1000]: org.thymeleaf.standard.processor.attr.StandardSingleRemovableAttributeModifierAttrProcessor
[THYMELEAF]         * "th:type" [1000]: org.thymeleaf.standard.processor.attr.StandardSingleNonRemovableAttributeModifierAttrProcessor
[THYMELEAF]         * "th:unless" [400]: org.thymeleaf.standard.processor.attr.StandardUnlessAttrProcessor
[THYMELEAF]         * "th:usemap" [1000]: org.thymeleaf.standard.processor.attr.StandardSingleRemovableAttributeModifierAttrProcessor
[THYMELEAF]         * "th:utext" [1400]: org.thymeleaf.standard.processor.attr.StandardUtextAttrProcessor
[THYMELEAF]         * "th:value" [1010]: org.thymeleaf.spring4.processor.attr.SpringValueAttrProcessor
[THYMELEAF]         * "th:valuetype" [1000]: org.thymeleaf.standard.processor.attr.StandardSingleRemovableAttributeModifierAttrProcessor
[THYMELEAF]         * "th:vspace" [1000]: org.thymeleaf.standard.processor.attr.StandardSingleRemovableAttributeModifierAttrProcessor
[THYMELEAF]         * "th:width" [1000]: org.thymeleaf.standard.processor.attr.StandardSingleRemovableAttributeModifierAttrProcessor
[THYMELEAF]         * "th:with" [600]: org.thymeleaf.standard.processor.attr.StandardWithAttrProcessor
[THYMELEAF]         * "th:wrap" [1000]: org.thymeleaf.standard.processor.attr.StandardSingleRemovableAttributeModifierAttrProcessor
[THYMELEAF]         * "th:xmlbase" [1000]: org.thymeleaf.standard.processor.attr.StandardXmlBaseAttrProcessor
[THYMELEAF]         * "th:xmllang" [1000]: org.thymeleaf.standard.processor.attr.StandardXmlLangAttrProcessor
[THYMELEAF]         * "th:xmlspace" [1000]: org.thymeleaf.standard.processor.attr.StandardXmlSpaceAttrProcessor
[THYMELEAF]     * Processors with non-element-specific matching methods [precedence]:
[THYMELEAF]         * [AbstractTextNode] [100]: org.thymeleaf.standard.processor.text.StandardTextInliningTextProcessor
[THYMELEAF]     * Execution Attributes:
[THYMELEAF]         * "StandardExpressionExecutor": Standard Expression Executor with expression evaluator: SpringEL
[THYMELEAF]         * "StandardExpressionParser": Standard Expression Parser
[THYMELEAF]         * "StandardVariableExpressionEvaluator": SpringEL
[THYMELEAF]         * "StandardConversionService": org.thymeleaf.spring4.expression.SpringStandardConversionService@6e4d3ea4
[THYMELEAF]     * DOCTYPE translations:
[THYMELEAF]         * DOCTYPE Translation:
[THYMELEAF]             * Source: SYSTEM "http://www.thymeleaf.org/dtd/xhtml1-strict-thymeleaf-spring4-1.dtd"
[THYMELEAF]             * Target: PUBLIC "-//W3C//DTD XHTML 1.0 Strict//EN" "http://www.w3.org/TR/xhtml1/DTD/xhtml1-strict.dtd"
[THYMELEAF]         * DOCTYPE Translation:
[THYMELEAF]             * Source: SYSTEM "http://www.thymeleaf.org/dtd/xhtml1-transitional-thymeleaf-spring4-1.dtd"
[THYMELEAF]             * Target: PUBLIC "-//W3C//DTD XHTML 1.0 Transitional//EN" "http://www.w3.org/TR/xhtml1/DTD/xhtml1-transitional.dtd"
[THYMELEAF]         * DOCTYPE Translation:
[THYMELEAF]             * Source: SYSTEM "http://www.thymeleaf.org/dtd/xhtml1-frameset-thymeleaf-spring4-1.dtd"
[THYMELEAF]             * Target: PUBLIC "-//W3C//DTD XHTML 1.0 Frameset//EN" "http://www.w3.org/TR/xhtml1/DTD/xhtml1-frameset.dtd"
[THYMELEAF]         * DOCTYPE Translation:
[THYMELEAF]             * Source: SYSTEM "http://www.thymeleaf.org/dtd/xhtml11-thymeleaf-spring4-1.dtd"
[THYMELEAF]             * Target: PUBLIC "-//W3C//DTD XHTML 1.1//EN" "http://www.w3.org/TR/xhtml11/DTD/xhtml11.dtd"
[THYMELEAF]         * DOCTYPE Translation:
[THYMELEAF]             * Source: SYSTEM "http://www.thymeleaf.org/dtd/xhtml1-strict-thymeleaf-spring4-2.dtd"
[THYMELEAF]             * Target: PUBLIC "-//W3C//DTD XHTML 1.0 Strict//EN" "http://www.w3.org/TR/xhtml1/DTD/xhtml1-strict.dtd"
[THYMELEAF]         * DOCTYPE Translation:
[THYMELEAF]             * Source: SYSTEM "http://www.thymeleaf.org/dtd/xhtml1-transitional-thymeleaf-spring4-2.dtd"
[THYMELEAF]             * Target: PUBLIC "-//W3C//DTD XHTML 1.0 Transitional//EN" "http://www.w3.org/TR/xhtml1/DTD/xhtml1-transitional.dtd"
[THYMELEAF]         * DOCTYPE Translation:
[THYMELEAF]             * Source: SYSTEM "http://www.thymeleaf.org/dtd/xhtml1-frameset-thymeleaf-spring4-2.dtd"
[THYMELEAF]             * Target: PUBLIC "-//W3C//DTD XHTML 1.0 Frameset//EN" "http://www.w3.org/TR/xhtml1/DTD/xhtml1-frameset.dtd"
[THYMELEAF]         * DOCTYPE Translation:
[THYMELEAF]             * Source: SYSTEM "http://www.thymeleaf.org/dtd/xhtml11-thymeleaf-spring4-2.dtd"
[THYMELEAF]             * Target: PUBLIC "-//W3C//DTD XHTML 1.1//EN" "http://www.w3.org/TR/xhtml11/DTD/xhtml11.dtd"
[THYMELEAF]         * DOCTYPE Translation:
[THYMELEAF]             * Source: SYSTEM "http://www.thymeleaf.org/dtd/xhtml1-strict-thymeleaf-spring4-3.dtd"
[THYMELEAF]             * Target: PUBLIC "-//W3C//DTD XHTML 1.0 Strict//EN" "http://www.w3.org/TR/xhtml1/DTD/xhtml1-strict.dtd"
[THYMELEAF]         * DOCTYPE Translation:
[THYMELEAF]             * Source: SYSTEM "http://www.thymeleaf.org/dtd/xhtml1-transitional-thymeleaf-spring4-3.dtd"
[THYMELEAF]             * Target: PUBLIC "-//W3C//DTD XHTML 1.0 Transitional//EN" "http://www.w3.org/TR/xhtml1/DTD/xhtml1-transitional.dtd"
[THYMELEAF]         * DOCTYPE Translation:
[THYMELEAF]             * Source: SYSTEM "http://www.thymeleaf.org/dtd/xhtml1-frameset-thymeleaf-spring4-3.dtd"
[THYMELEAF]             * Target: PUBLIC "-//W3C//DTD XHTML 1.0 Frameset//EN" "http://www.w3.org/TR/xhtml1/DTD/xhtml1-frameset.dtd"
[THYMELEAF]         * DOCTYPE Translation:
[THYMELEAF]             * Source: SYSTEM "http://www.thymeleaf.org/dtd/xhtml11-thymeleaf-spring4-3.dtd"
[THYMELEAF]             * Target: PUBLIC "-//W3C//DTD XHTML 1.1//EN" "http://www.w3.org/TR/xhtml11/DTD/xhtml11.dtd"
[THYMELEAF]         * DOCTYPE Translation:
[THYMELEAF]             * Source: SYSTEM "http://www.thymeleaf.org/dtd/xhtml1-strict-thymeleaf-spring4-4.dtd"
[THYMELEAF]             * Target: PUBLIC "-//W3C//DTD XHTML 1.0 Strict//EN" "http://www.w3.org/TR/xhtml1/DTD/xhtml1-strict.dtd"
[THYMELEAF]         * DOCTYPE Translation:
[THYMELEAF]             * Source: SYSTEM "http://www.thymeleaf.org/dtd/xhtml1-transitional-thymeleaf-spring4-4.dtd"
[THYMELEAF]             * Target: PUBLIC "-//W3C//DTD XHTML 1.0 Transitional//EN" "http://www.w3.org/TR/xhtml1/DTD/xhtml1-transitional.dtd"
[THYMELEAF]         * DOCTYPE Translation:
[THYMELEAF]             * Source: SYSTEM "http://www.thymeleaf.org/dtd/xhtml1-frameset-thymeleaf-spring4-4.dtd"
[THYMELEAF]             * Target: PUBLIC "-//W3C//DTD XHTML 1.0 Frameset//EN" "http://www.w3.org/TR/xhtml1/DTD/xhtml1-frameset.dtd"
[THYMELEAF]         * DOCTYPE Translation:
[THYMELEAF]             * Source: SYSTEM "http://www.thymeleaf.org/dtd/xhtml11-thymeleaf-spring4-4.dtd"
[THYMELEAF]             * Target: PUBLIC "-//W3C//DTD XHTML 1.1//EN" "http://www.w3.org/TR/xhtml11/DTD/xhtml11.dtd"
[THYMELEAF]     * DOCTYPE resolution entries:
[THYMELEAF]         * PUBLIC "-//W3C//ENTITIES Special for XHTML//EN" "*"
[THYMELEAF]         * PUBLIC "-//W3C//ENTITIES Symbols for XHTML//EN" "*"
[THYMELEAF]         * PUBLIC "-//W3C//ENTITIES Latin 1 for XHTML//EN" "*"
[THYMELEAF]         * PUBLIC "-//W3C//DTD XHTML 1.0 Strict//EN" "http://www.w3.org/TR/xhtml1/DTD/xhtml1-strict.dtd"
[THYMELEAF]         * PUBLIC "-//W3C//DTD XHTML 1.0 Transitional//EN" "http://www.w3.org/TR/xhtml1/DTD/xhtml1-transitional.dtd"
[THYMELEAF]         * PUBLIC "-//W3C//DTD XHTML 1.0 Frameset//EN" "http://www.w3.org/TR/xhtml1/DTD/xhtml1-frameset.dtd"
[THYMELEAF]         * PUBLIC "-//W3C//ELEMENTS XHTML Editing Elements 1.0//EN" "*"
[THYMELEAF]         * PUBLIC "-//W3C//ELEMENTS XHTML Base Element 1.0//EN" "*"
[THYMELEAF]         * PUBLIC "-//W3C//ELEMENTS XHTML Server-side Image Maps 1.0//EN" "*"
[THYMELEAF]         * PUBLIC "-//W3C//ELEMENTS XHTML Client-side Image Maps 1.0//EN" "*"
[THYMELEAF]         * PUBLIC "-//W3C//ENTITIES XHTML Common Attributes 1.0//EN" "*"
[THYMELEAF]         * PUBLIC "-//W3C//ELEMENTS XHTML Presentation 1.0//EN" "*"
[THYMELEAF]         * PUBLIC "-//W3C//ELEMENTS XHTML Metainformation 1.0//EN" "*"
[THYMELEAF]         * PUBLIC "-//W3C//ELEMENTS XHTML BIDI Override Element 1.0//EN" "*"
[THYMELEAF]         * PUBLIC "-//W3C//ELEMENTS XHTML Scripting 1.0//EN" "*"
[THYMELEAF]         * PUBLIC "-//W3C//ELEMENTS XHTML Block Structural 1.0//EN" "*"
[THYMELEAF]         * PUBLIC "-//W3C//ELEMENTS XHTML Block Presentation 1.0//EN" "*"
[THYMELEAF]         * PUBLIC "-//W3C//ENTITIES XHTML Intrinsic Events 1.0//EN" "*"
[THYMELEAF]         * PUBLIC "-//W3C//ELEMENTS XHTML Inline Presentation 1.0//EN" "*"
[THYMELEAF]         * PUBLIC "-//W3C//ENTITIES XHTML Qualified Names 1.0//EN" "*"
[THYMELEAF]         * PUBLIC "-//W3C//ELEMENTS XHTML Param Element 1.0//EN" "*"
[THYMELEAF]         * PUBLIC "-//W3C//ELEMENTS XHTML Inline Structural 1.0//EN" "*"
[THYMELEAF]         * PUBLIC "-//W3C//ELEMENTS XHTML Text 1.0//EN" "*"
[THYMELEAF]         * PUBLIC "-//W3C//ENTITIES XHTML Modular Framework 1.0//EN" "*"
[THYMELEAF]         * PUBLIC "-//W3C//ELEMENTS XHTML Link Element 1.0//EN" "*"
[THYMELEAF]         * PUBLIC "-//W3C//ELEMENTS XHTML Forms 1.0//EN" "*"
[THYMELEAF]         * PUBLIC "-//W3C//DTD XHTML 1.1//EN" "http://www.w3.org/TR/xhtml11/DTD/xhtml11.dtd"
[THYMELEAF]         * PUBLIC "-//W3C//ELEMENTS XHTML Hypertext 1.0//EN" "*"
[THYMELEAF]         * PUBLIC "-//W3C//ELEMENTS XHTML Images 1.0//EN" "*"
[THYMELEAF]         * PUBLIC "-//W3C//ELEMENTS XHTML Inline Phrasal 1.0//EN" "*"
[THYMELEAF]         * PUBLIC "-//W3C//ELEMENTS XHTML Style Sheets 1.0//EN" "*"
[THYMELEAF]         * PUBLIC "-//W3C//ENTITIES XHTML 1.1 Document Model 1.0//EN" "*"
[THYMELEAF]         * PUBLIC "-//W3C//ENTITIES XHTML Datatypes 1.0//EN" "*"
[THYMELEAF]         * PUBLIC "-//W3C//ENTITIES XHTML Character Entities 1.0//EN" "*"
[THYMELEAF]         * PUBLIC "-//W3C//ELEMENTS XHTML Lists 1.0//EN" "*"
[THYMELEAF]         * PUBLIC "-//W3C//ELEMENTS XHTML Block Phrasal 1.0//EN" "*"
[THYMELEAF]         * PUBLIC "-//W3C//ELEMENTS XHTML Ruby 1.0//EN" "*"
[THYMELEAF]         * PUBLIC "-//W3C//ELEMENTS XHTML Inline Style 1.0//EN" "*"
[THYMELEAF]         * PUBLIC "-//W3C//ELEMENTS XHTML Embedded Object 1.0//EN" "*"
[THYMELEAF]         * PUBLIC "-//W3C//ELEMENTS XHTML Document Structure 1.0//EN" "*"
[THYMELEAF]         * PUBLIC "-//W3C//ELEMENTS XHTML Tables 1.0//EN" "*"
[THYMELEAF]         * SYSTEM "about:legacy-compat"
[THYMELEAF]         * SYSTEM "http://www.thymeleaf.org/dtd/xhtml1-strict-thymeleaf-spring4-1.dtd"
[THYMELEAF]         * SYSTEM "http://www.thymeleaf.org/dtd/xhtml1-transitional-thymeleaf-spring4-1.dtd"
[THYMELEAF]         * SYSTEM "http://www.thymeleaf.org/dtd/xhtml1-frameset-thymeleaf-spring4-1.dtd"
[THYMELEAF]         * SYSTEM "http://www.thymeleaf.org/dtd/xhtml11-thymeleaf-spring4-1.dtd"
[THYMELEAF]         * SYSTEM "http://www.thymeleaf.org/dtd/xhtml1-strict-thymeleaf-spring4-2.dtd"
[THYMELEAF]         * SYSTEM "http://www.thymeleaf.org/dtd/xhtml1-transitional-thymeleaf-spring4-2.dtd"
[THYMELEAF]         * SYSTEM "http://www.thymeleaf.org/dtd/xhtml1-frameset-thymeleaf-spring4-2.dtd"
[THYMELEAF]         * SYSTEM "http://www.thymeleaf.org/dtd/xhtml11-thymeleaf-spring4-2.dtd"
[THYMELEAF]         * SYSTEM "http://www.thymeleaf.org/dtd/xhtml1-strict-thymeleaf-spring4-3.dtd"
[THYMELEAF]         * SYSTEM "http://www.thymeleaf.org/dtd/xhtml1-transitional-thymeleaf-spring4-3.dtd"
[THYMELEAF]         * SYSTEM "http://www.thymeleaf.org/dtd/xhtml1-frameset-thymeleaf-spring4-3.dtd"
[THYMELEAF]         * SYSTEM "http://www.thymeleaf.org/dtd/xhtml11-thymeleaf-spring4-3.dtd"
[THYMELEAF]         * SYSTEM "http://www.thymeleaf.org/dtd/xhtml1-strict-thymeleaf-spring4-4.dtd"
[THYMELEAF]         * SYSTEM "http://www.thymeleaf.org/dtd/xhtml1-transitional-thymeleaf-spring4-4.dtd"
[THYMELEAF]         * SYSTEM "http://www.thymeleaf.org/dtd/xhtml1-frameset-thymeleaf-spring4-4.dtd"
[THYMELEAF]         * SYSTEM "http://www.thymeleaf.org/dtd/xhtml11-thymeleaf-spring4-4.dtd"
[THYMELEAF] * Dialect [2 of 2]: nz.net.ultraq.thymeleaf.LayoutDialect
[THYMELEAF]     * Prefix: "layout"
[THYMELEAF]     * Processors matching nodes by element attribute [precedence]:
[THYMELEAF]         * "data-layout-decorator" [0]: nz.net.ultraq.thymeleaf.decorators.DecoratorProcessor
[THYMELEAF]         * "data-layout-fragment" [1]: nz.net.ultraq.thymeleaf.fragments.FragmentProcessor
[THYMELEAF]         * "data-layout-include" [0]: nz.net.ultraq.thymeleaf.includes.IncludeProcessor
[THYMELEAF]         * "data-layout-replace" [0]: nz.net.ultraq.thymeleaf.includes.ReplaceProcessor
[THYMELEAF]         * "data-layout-title-pattern" [1]: nz.net.ultraq.thymeleaf.decorators.TitlePatternProcessor
[THYMELEAF]         * "layout:decorator" [0]: nz.net.ultraq.thymeleaf.decorators.DecoratorProcessor
[THYMELEAF]         * "layout:fragment" [1]: nz.net.ultraq.thymeleaf.fragments.FragmentProcessor
[THYMELEAF]         * "layout:include" [0]: nz.net.ultraq.thymeleaf.includes.IncludeProcessor
[THYMELEAF]         * "layout:replace" [0]: nz.net.ultraq.thymeleaf.includes.ReplaceProcessor
[THYMELEAF]         * "layout:title-pattern" [1]: nz.net.ultraq.thymeleaf.decorators.TitlePatternProcessor
[THYMELEAF]     * DOCTYPE translations:
[THYMELEAF]     * DOCTYPE resolution entries:
[THYMELEAF] TEMPLATE ENGINE CONFIGURED OK
2017-11-02 23:20:58.293 INFO  o.t.TemplateEngine - [THYMELEAF] TEMPLATE ENGINE INITIALIZED
2017-11-02 23:20:58.439 DEBUG o.t.TemplateEngine - [THYMELEAF][http-nio-8282-exec-1] STARTING PROCESS OF TEMPLATE "index" WITH LOCALE zh_CN
2017-11-02 23:20:58.454 DEBUG o.t.TemplateRepository - [THYMELEAF][http-nio-8282-exec-1] Template "index" was correctly resolved as resource "classpath:/templates/index.html" in mode HTML5 with resource resolver "SPRING-RESOURCE"
2017-11-02 23:20:58.509 DEBUG o.t.TemplateEngine - [THYMELEAF][http-nio-8282-exec-1] Starting process on template "index" using mode "HTML5"
2017-11-02 23:20:58.630 DEBUG o.t.T.c.EXPRESSION_CACHE - [THYMELEAF][CACHE_INITIALIZE] Initializing cache EXPRESSION_CACHE. Max size: 500. Soft references are used.
2017-11-02 23:20:58.687 DEBUG o.t.TemplateRepository - [THYMELEAF][http-nio-8282-exec-1] Template "base/head" was correctly resolved as resource "classpath:/templates/base/head.html" in mode HTML5 with resource resolver "SPRING-RESOURCE"
2017-11-02 23:20:58.726 DEBUG o.t.TemplateRepository - [THYMELEAF][http-nio-8282-exec-1] Template "base/top" was correctly resolved as resource "classpath:/templates/base/top.html" in mode HTML5 with resource resolver "SPRING-RESOURCE"
2017-11-02 23:20:58.744 DEBUG o.t.TemplateRepository - [THYMELEAF][http-nio-8282-exec-1] Template "base/bottom" was correctly resolved as resource "classpath:/templates/base/bottom.html" in mode HTML5 with resource resolver "SPRING-RESOURCE"
2017-11-02 23:20:58.747 DEBUG o.t.TemplateEngine - [THYMELEAF][http-nio-8282-exec-1] Finished process on template "index" using mode "HTML5"
2017-11-02 23:20:58.753 DEBUG o.t.TemplateEngine - [THYMELEAF][http-nio-8282-exec-1] FINISHED PROCESS AND OUTPUT OF TEMPLATE "index" WITH LOCALE zh_CN
2017-11-02 23:20:58.754 DEBUG o.t.T.TIMER - [THYMELEAF][http-nio-8282-exec-1][index][zh_CN][313914112][314] TEMPLATE "index" WITH LOCALE zh_CN PROCESSED IN 313914112 nanoseconds (approx. 314ms)
2017-11-02 23:20:59.964 DEBUG f.cache - Couldn't find template in cache for "daily.ftl"("zh_CN", UTF-8, parsed); will try to load it.
2017-11-02 23:20:59.964 DEBUG f.cache - TemplateLoader.findTemplateSource("daily_zh_CN.ftl"): Not found
2017-11-02 23:20:59.965 DEBUG f.cache - TemplateLoader.findTemplateSource("daily_zh.ftl"): Not found
2017-11-02 23:20:59.977 DEBUG f.cache - TemplateLoader.findTemplateSource("daily.ftl"): Not found
2017-11-02 23:20:59.979 DEBUG o.t.TemplateEngine - [THYMELEAF][http-nio-8282-exec-6] STARTING PROCESS OF TEMPLATE "daily" WITH LOCALE zh_CN
2017-11-02 23:20:59.980 DEBUG o.t.TemplateRepository - [THYMELEAF][http-nio-8282-exec-6] Template "daily" was correctly resolved as resource "classpath:/templates/daily.html" in mode HTML5 with resource resolver "SPRING-RESOURCE"
2017-11-02 23:20:59.987 DEBUG o.t.TemplateEngine - [THYMELEAF][http-nio-8282-exec-6] Starting process on template "daily" using mode "HTML5"
2017-11-02 23:20:59.987 DEBUG o.t.TemplateRepository - [THYMELEAF][http-nio-8282-exec-6] Template "base/head" was correctly resolved as resource "classpath:/templates/base/head.html" in mode HTML5 with resource resolver "SPRING-RESOURCE"
2017-11-02 23:20:59.993 DEBUG o.t.TemplateRepository - [THYMELEAF][http-nio-8282-exec-6] Template "base/top" was correctly resolved as resource "classpath:/templates/base/top.html" in mode HTML5 with resource resolver "SPRING-RESOURCE"
2017-11-02 23:20:59.996 DEBUG o.t.TemplateRepository - [THYMELEAF][http-nio-8282-exec-6] Template "base/bottom" was correctly resolved as resource "classpath:/templates/base/bottom.html" in mode HTML5 with resource resolver "SPRING-RESOURCE"
2017-11-02 23:21:00.001 DEBUG o.t.TemplateEngine - [THYMELEAF][http-nio-8282-exec-6] Finished process on template "daily" using mode "HTML5"
2017-11-02 23:21:00.001 DEBUG o.t.TemplateEngine - [THYMELEAF][http-nio-8282-exec-6] FINISHED PROCESS AND OUTPUT OF TEMPLATE "daily" WITH LOCALE zh_CN
2017-11-02 23:21:00.002 DEBUG o.t.T.TIMER - [THYMELEAF][http-nio-8282-exec-6][daily][zh_CN][22510024][23] TEMPLATE "daily" WITH LOCALE zh_CN PROCESSED IN 22510024 nanoseconds (approx. 23ms)
2017-11-02 23:21:01.495 DEBUG c.c.u.AESUtils - :[1749]
2017-11-02 23:21:01.495 DEBUG c.c.u.AESUtils - :[1748]
2017-11-02 23:21:01.495 DEBUG c.c.u.AESUtils - :[1310]
2017-11-02 23:21:01.495 DEBUG c.c.u.AESUtils - :[1747]
2017-11-02 23:21:01.496 DEBUG c.c.u.AESUtils - :[1749]
2017-11-02 23:21:11.157 DEBUG f.cache - TemplateLoader.findTemplateSource("daily_zh_CN.ftl"): Not found
2017-11-02 23:21:11.158 DEBUG f.cache - TemplateLoader.findTemplateSource("daily_zh.ftl"): Not found
2017-11-02 23:21:11.159 DEBUG f.cache - TemplateLoader.findTemplateSource("daily.ftl"): Not found
2017-11-02 23:21:11.159 DEBUG f.cache - "daily.ftl"("zh_CN", UTF-8, parsed) no source found.
2017-11-02 23:21:11.160 DEBUG o.t.TemplateEngine - [THYMELEAF][http-nio-8282-exec-3] STARTING PROCESS OF TEMPLATE "daily" WITH LOCALE zh_CN
2017-11-02 23:21:11.161 DEBUG o.t.TemplateRepository - [THYMELEAF][http-nio-8282-exec-3] Template "daily" was correctly resolved as resource "classpath:/templates/daily.html" in mode HTML5 with resource resolver "SPRING-RESOURCE"
2017-11-02 23:21:11.166 DEBUG o.t.TemplateEngine - [THYMELEAF][http-nio-8282-exec-3] Starting process on template "daily" using mode "HTML5"
2017-11-02 23:21:11.168 DEBUG o.t.TemplateRepository - [THYMELEAF][http-nio-8282-exec-3] Template "base/head" was correctly resolved as resource "classpath:/templates/base/head.html" in mode HTML5 with resource resolver "SPRING-RESOURCE"
2017-11-02 23:21:11.172 DEBUG o.t.TemplateRepository - [THYMELEAF][http-nio-8282-exec-3] Template "base/top" was correctly resolved as resource "classpath:/templates/base/top.html" in mode HTML5 with resource resolver "SPRING-RESOURCE"
2017-11-02 23:21:11.175 DEBUG o.t.TemplateRepository - [THYMELEAF][http-nio-8282-exec-3] Template "base/bottom" was correctly resolved as resource "classpath:/templates/base/bottom.html" in mode HTML5 with resource resolver "SPRING-RESOURCE"
2017-11-02 23:21:11.177 DEBUG o.t.TemplateEngine - [THYMELEAF][http-nio-8282-exec-3] Finished process on template "daily" using mode "HTML5"
2017-11-02 23:21:11.177 DEBUG o.t.TemplateEngine - [THYMELEAF][http-nio-8282-exec-3] FINISHED PROCESS AND OUTPUT OF TEMPLATE "daily" WITH LOCALE zh_CN
2017-11-02 23:21:11.178 DEBUG o.t.T.TIMER - [THYMELEAF][http-nio-8282-exec-3][daily][zh_CN][17640850][18] TEMPLATE "daily" WITH LOCALE zh_CN PROCESSED IN 17640850 nanoseconds (approx. 18ms)
2017-11-02 23:21:11.360 DEBUG c.c.u.AESUtils - :[0]
2017-11-02 23:22:02.945 DEBUG f.cache - TemplateLoader.findTemplateSource("daily_zh_CN.ftl"): Not found
2017-11-02 23:22:02.945 DEBUG f.cache - TemplateLoader.findTemplateSource("daily_zh.ftl"): Not found
2017-11-02 23:22:02.946 DEBUG f.cache - TemplateLoader.findTemplateSource("daily.ftl"): Not found
2017-11-02 23:22:02.946 DEBUG f.cache - "daily.ftl"("zh_CN", UTF-8, parsed) no source found.
2017-11-02 23:22:02.947 DEBUG o.t.TemplateEngine - [THYMELEAF][http-nio-8282-exec-1] STARTING PROCESS OF TEMPLATE "daily" WITH LOCALE zh_CN
2017-11-02 23:22:02.947 DEBUG o.t.TemplateRepository - [THYMELEAF][http-nio-8282-exec-1] Template "daily" was correctly resolved as resource "classpath:/templates/daily.html" in mode HTML5 with resource resolver "SPRING-RESOURCE"
2017-11-02 23:22:02.951 DEBUG o.t.TemplateEngine - [THYMELEAF][http-nio-8282-exec-1] Starting process on template "daily" using mode "HTML5"
2017-11-02 23:22:02.952 DEBUG o.t.TemplateRepository - [THYMELEAF][http-nio-8282-exec-1] Template "base/head" was correctly resolved as resource "classpath:/templates/base/head.html" in mode HTML5 with resource resolver "SPRING-RESOURCE"
2017-11-02 23:22:02.954 DEBUG o.t.TemplateRepository - [THYMELEAF][http-nio-8282-exec-1] Template "base/top" was correctly resolved as resource "classpath:/templates/base/top.html" in mode HTML5 with resource resolver "SPRING-RESOURCE"
2017-11-02 23:22:02.958 DEBUG o.t.TemplateRepository - [THYMELEAF][http-nio-8282-exec-1] Template "base/bottom" was correctly resolved as resource "classpath:/templates/base/bottom.html" in mode HTML5 with resource resolver "SPRING-RESOURCE"
2017-11-02 23:22:02.962 DEBUG o.t.TemplateEngine - [THYMELEAF][http-nio-8282-exec-1] Finished process on template "daily" using mode "HTML5"
2017-11-02 23:22:02.963 DEBUG o.t.TemplateEngine - [THYMELEAF][http-nio-8282-exec-1] FINISHED PROCESS AND OUTPUT OF TEMPLATE "daily" WITH LOCALE zh_CN
2017-11-02 23:22:02.964 DEBUG o.t.T.TIMER - [THYMELEAF][http-nio-8282-exec-1][daily][zh_CN][16596899][17] TEMPLATE "daily" WITH LOCALE zh_CN PROCESSED IN 16596899 nanoseconds (approx. 17ms)
2017-11-02 23:22:03.158 DEBUG c.c.u.AESUtils - :[0]
2017-11-02 23:22:15.633 DEBUG f.cache - TemplateLoader.findTemplateSource("daily_zh_CN.ftl"): Not found
2017-11-02 23:22:15.636 DEBUG f.cache - TemplateLoader.findTemplateSource("daily_zh.ftl"): Not found
2017-11-02 23:22:15.636 DEBUG f.cache - TemplateLoader.findTemplateSource("daily.ftl"): Not found
2017-11-02 23:22:15.637 DEBUG f.cache - "daily.ftl"("zh_CN", UTF-8, parsed) no source found.
2017-11-02 23:22:15.637 DEBUG o.t.TemplateEngine - [THYMELEAF][http-nio-8282-exec-4] STARTING PROCESS OF TEMPLATE "daily" WITH LOCALE zh_CN
2017-11-02 23:22:15.638 DEBUG o.t.TemplateRepository - [THYMELEAF][http-nio-8282-exec-4] Template "daily" was correctly resolved as resource "classpath:/templates/daily.html" in mode HTML5 with resource resolver "SPRING-RESOURCE"
2017-11-02 23:22:15.640 DEBUG o.t.TemplateEngine - [THYMELEAF][http-nio-8282-exec-4] Starting process on template "daily" using mode "HTML5"
2017-11-02 23:22:15.641 DEBUG o.t.TemplateRepository - [THYMELEAF][http-nio-8282-exec-4] Template "base/head" was correctly resolved as resource "classpath:/templates/base/head.html" in mode HTML5 with resource resolver "SPRING-RESOURCE"
2017-11-02 23:22:15.645 DEBUG o.t.TemplateRepository - [THYMELEAF][http-nio-8282-exec-4] Template "base/top" was correctly resolved as resource "classpath:/templates/base/top.html" in mode HTML5 with resource resolver "SPRING-RESOURCE"
2017-11-02 23:22:15.648 DEBUG o.t.TemplateRepository - [THYMELEAF][http-nio-8282-exec-4] Template "base/bottom" was correctly resolved as resource "classpath:/templates/base/bottom.html" in mode HTML5 with resource resolver "SPRING-RESOURCE"
2017-11-02 23:22:15.650 DEBUG o.t.TemplateEngine - [THYMELEAF][http-nio-8282-exec-4] Finished process on template "daily" using mode "HTML5"
2017-11-02 23:22:15.651 DEBUG o.t.TemplateEngine - [THYMELEAF][http-nio-8282-exec-4] FINISHED PROCESS AND OUTPUT OF TEMPLATE "daily" WITH LOCALE zh_CN
2017-11-02 23:22:15.652 DEBUG o.t.T.TIMER - [THYMELEAF][http-nio-8282-exec-4][daily][zh_CN][14235589][14] TEMPLATE "daily" WITH LOCALE zh_CN PROCESSED IN 14235589 nanoseconds (approx. 14ms)
