2017-10-26 21:38:37.915 [http-nio-8282-exec-8] ERROR c.c.s.i.ArticleServiceImpl 99 -获取随机文章数据为空!
2017-10-26 21:38:40.411 [http-nio-8282-exec-6] ERROR c.c.s.i.ArticleServiceImpl 99 -获取随机文章数据为空!
2017-10-26 21:38:40.417 [http-nio-8282-exec-3] ERROR c.c.s.i.ArticleServiceImpl 99 -获取随机文章数据为空!
2017-10-26 21:43:17.278 [http-nio-8282-exec-5] ERROR c.c.s.i.ArticleServiceImpl 99 -获取随机文章数据为空!
2017-10-26 21:43:39.238 [http-nio-8282-exec-7] ERROR c.c.s.i.ArticleServiceImpl 99 -获取随机文章数据为空!
2017-10-26 22:12:17.433 [http-nio-8282-exec-9] ERROR c.c.s.i.ArticleServiceImpl 201 -接口[MINE_ARTICLE_LIST]返回数据为空
2017-10-26 22:12:17.434 [http-nio-8282-exec-9] ERROR c.c.s.i.ArticleServiceImpl 63 -获取文章数据为空!
2017-10-26 22:12:17.446 [http-nio-8282-exec-4] ERROR c.c.s.i.ArticleServiceImpl 115 -接口[MINE_RANDOM_ARTICLE]返回数据为空
2017-10-26 22:12:17.446 [http-nio-8282-exec-4] ERROR c.c.s.i.ArticleServiceImpl 99 -获取随机文章数据为空!
2017-10-26 22:12:17.469 [http-nio-8282-exec-1] ERROR c.c.s.i.ArticleServiceImpl 157 -接口[MINE_LATEST_ARTICLE]返回数据为空
2017-10-26 22:12:17.470 [http-nio-8282-exec-1] ERROR c.c.s.i.ArticleServiceImpl 86 -获取最新文章数据为空!
2017-10-26 22:12:17.480 [http-nio-8282-exec-8] ERROR c.c.s.i.ArticleServiceImpl 301 -接口[MINE_CONST]返回数据为空
2017-10-26 22:12:59.287 [http-nio-8282-exec-4] ERROR c.c.s.i.ArticleServiceImpl 86 -获取最新文章数据为空!
2017-10-26 22:13:43.286 [http-nio-8282-exec-1] ERROR c.c.s.i.ArticleServiceImpl 201 -接口[MINE_ARTICLE_LIST]返回数据为空
2017-10-26 22:13:43.286 [http-nio-8282-exec-1] ERROR c.c.s.i.ArticleServiceImpl 63 -获取文章数据为空!
2017-10-26 22:13:43.299 [http-nio-8282-exec-8] ERROR c.c.s.i.ArticleServiceImpl 115 -接口[MINE_RANDOM_ARTICLE]返回数据为空
2017-10-26 22:13:43.300 [http-nio-8282-exec-8] ERROR c.c.s.i.ArticleServiceImpl 99 -获取随机文章数据为空!
2017-10-26 22:13:43.307 [http-nio-8282-exec-9] ERROR c.c.s.i.ArticleServiceImpl 301 -接口[MINE_CONST]返回数据为空
2017-10-26 22:51:53.360 [http-nio-8282-exec-9] ERROR c.c.s.i.ArticleServiceImpl 301 -接口[MINE_CONST]返回数据为空
2017-10-26 22:51:53.362 [http-nio-8282-exec-3] ERROR c.c.s.i.ArticleServiceImpl 201 -接口[MINE_ARTICLE_LIST]返回数据为空
2017-10-26 22:51:53.392 [http-nio-8282-exec-3] ERROR c.c.s.i.ArticleServiceImpl 63 -获取文章数据为空!
2017-10-26 22:51:53.396 [http-nio-8282-exec-4] ERROR c.c.s.i.ArticleServiceImpl 115 -接口[MINE_RANDOM_ARTICLE]返回数据为空
2017-10-26 22:51:53.397 [http-nio-8282-exec-4] ERROR c.c.s.i.ArticleServiceImpl 99 -获取随机文章数据为空!
2017-10-26 22:51:53.400 [http-nio-8282-exec-5] ERROR c.c.s.i.ArticleServiceImpl 157 -接口[MINE_LATEST_ARTICLE]返回数据为空
2017-10-26 22:51:53.400 [http-nio-8282-exec-5] ERROR c.c.s.i.ArticleServiceImpl 86 -获取最新文章数据为空!
